This is pdfTeX, Version 3.1415926-2.5-1.40.14 (TeX Live 2013/Debian) (format=pdflatex 2015.3.20)  20 JUN 2016 18:14
entering extended mode
 restricted \write18 enabled.
 %&-line parsing enabled.
**refman.tex pdfminorversion=4
(./refman.tex
LaTeX2e <2011/06/27>
Babel <3.9h> and hyphenation patterns for 78 languages loaded.
(/usr/share/texlive/texmf-dist/tex/latex/base/book.cls
Document Class: book 2007/10/19 v1.4h Standard LaTeX document class
(/usr/share/texlive/texmf-dist/tex/latex/base/bk10.clo
File: bk10.clo 2007/10/19 v1.4h Standard LaTeX file (size option)
)
\c@part=\count79
\c@chapter=\count80
\c@section=\count81
\c@subsection=\count82
\c@subsubsection=\count83
\c@paragraph=\count84
\c@subparagraph=\count85
\c@figure=\count86
\c@table=\count87
\abovecaptionskip=\skip41
\belowcaptionskip=\skip42
\bibindent=\dimen102
)
(/usr/share/texlive/texmf-dist/tex/latex/tools/calc.sty
Package: calc 2007/08/22 v4.3 Infix arithmetic (KKT,FJ)
\calc@Acount=\count88
\calc@Bcount=\count89
\calc@Adimen=\dimen103
\calc@Bdimen=\dimen104
\calc@Askip=\skip43
\calc@Bskip=\skip44
LaTeX Info: Redefining \setlength on input line 76.
LaTeX Info: Redefining \addtolength on input line 77.
\calc@Ccount=\count90
\calc@Cskip=\skip45
) (./doxygen.sty
Package: doxygen 

(/usr/share/texlive/texmf-dist/tex/latex/base/alltt.sty
Package: alltt 1997/06/16 v2.0g defines alltt environment
)
(/usr/share/texlive/texmf-dist/tex/latex/tools/array.sty
Package: array 2008/09/09 v2.4c Tabular extension package (FMi)
\col@sep=\dimen105
\extrarowheight=\dimen106
\NC@list=\toks14
\extratabsurround=\skip46
\backup@length=\skip47
)
(/usr/share/texlive/texmf-dist/tex/latex/float/float.sty
Package: float 2001/11/08 v1.3d Float enhancements (AL)
\c@float@type=\count91
\float@exts=\toks15
\float@box=\box26
\@float@everytoks=\toks16
\@floatcapt=\box27
)
(/usr/share/texlive/texmf-dist/tex/latex/base/ifthen.sty
Package: ifthen 2001/05/26 v1.1c Standard LaTeX ifthen package (DPC)
)
(/usr/share/texlive/texmf-dist/tex/latex/tools/verbatim.sty
Package: verbatim 2003/08/22 v1.5q LaTeX2e package for verbatim enhancements
\every@verbatim=\toks17
\verbatim@line=\toks18
\verbatim@in@stream=\read1
)
(/usr/share/texmf/tex/latex/xcolor/xcolor.sty
Package: xcolor 2007/01/21 v2.11 LaTeX color extensions (UK)

(/usr/share/texlive/texmf-dist/tex/latex/latexconfig/color.cfg
File: color.cfg 2007/01/18 v1.5 color configuration of teTeX/TeXLive
)
Package xcolor Info: Driver file: pdftex.def on input line 225.

(/usr/share/texlive/texmf-dist/tex/latex/pdftex-def/pdftex.def
File: pdftex.def 2011/05/27 v0.06d Graphics/color for pdfTeX

(/usr/share/texlive/texmf-dist/tex/generic/oberdiek/infwarerr.sty
Package: infwarerr 2010/04/08 v1.3 Providing info/warning/error messages (HO)
)
(/usr/share/texlive/texmf-dist/tex/generic/oberdiek/ltxcmds.sty
Package: ltxcmds 2011/11/09 v1.22 LaTeX kernel commands for general use (HO)
)
\Gread@gobject=\count92
)
(/usr/share/texlive/texmf-dist/tex/latex/colortbl/colortbl.sty
Package: colortbl 2012/02/13 v1.0a Color table columns (DPC)
\everycr=\toks19
\minrowclearance=\skip48
)
\rownum=\count93
Package xcolor Info: Model `cmy' substituted by `cmy0' on input line 1337.
Package xcolor Info: Model `hsb' substituted by `rgb' on input line 1341.
Package xcolor Info: Model `RGB' extended on input line 1353.
Package xcolor Info: Model `HTML' substituted by `rgb' on input line 1355.
Package xcolor Info: Model `Hsb' substituted by `hsb' on input line 1356.
Package xcolor Info: Model `tHsb' substituted by `hsb' on input line 1357.
Package xcolor Info: Model `HSB' substituted by `hsb' on input line 1358.
Package xcolor Info: Model `Gray' substituted by `gray' on input line 1359.
Package xcolor Info: Model `wave' substituted by `hsb' on input line 1360.
)
(/usr/share/texlive/texmf-dist/tex/latex/xtab/xtab.sty
Package: xtab 2011/07/31 v2.3f Extended supertabular package
\c@tracingst=\count94
\PWSTcapht=\dimen107
\ST@wd=\dimen108
\ST@rightskip=\skip49
\ST@leftskip=\skip50
\ST@parfillskip=\skip51
\c@PWSTtable=\count95
\PWSTlastpage=\count96
\PWSTpenultimate=\count97
\PWSTcurpage=\count98
\PWSTtempc=\count99
\PWSTlines=\count100
\PWST@lastht=\dimen109
\PWST@generalht=\dimen110
\PWST@ht=\dimen111
\ST@pageleft=\dimen112
\ST@headht=\dimen113
\ST@tailht=\dimen114
\ST@pagesofar=\dimen115
\ST@pboxht=\dimen116
\ST@lineht=\dimen117
\ST@stretchht=\dimen118
\ST@prevht=\dimen119
\ST@toadd=\dimen120
\ST@dimen=\dimen121
\ST@pbox=\box28
)
\xrefbox=\box29
\xreflength=\skip52
\tmplength=\skip53
)
(/usr/share/texlive/texmf-dist/tex/latex/graphics/graphicx.sty
Package: graphicx 1999/02/16 v1.0f Enhanced LaTeX Graphics (DPC,SPQR)

(/usr/share/texlive/texmf-dist/tex/latex/graphics/keyval.sty
Package: keyval 1999/03/16 v1.13 key=value parser (DPC)
\KV@toks@=\toks20
)
(/usr/share/texlive/texmf-dist/tex/latex/graphics/graphics.sty
Package: graphics 2009/02/05 v1.0o Standard LaTeX Graphics (DPC,SPQR)

(/usr/share/texlive/texmf-dist/tex/latex/graphics/trig.sty
Package: trig 1999/03/16 v1.09 sin cos tan (DPC)
)
(/usr/share/texlive/texmf-dist/tex/latex/latexconfig/graphics.cfg
File: graphics.cfg 2010/04/23 v1.9 graphics configuration of TeX Live
)
Package graphics Info: Driver file: pdftex.def on input line 91.
)
\Gin@req@height=\dimen122
\Gin@req@width=\dimen123
)
(/usr/share/texlive/texmf-dist/tex/latex/base/inputenc.sty
Package: inputenc 2008/03/30 v1.1d Input encoding file
\inpenc@prehook=\toks21
\inpenc@posthook=\toks22

(/usr/share/texlive/texmf-dist/tex/latex/base/utf8.def
File: utf8.def 2008/04/05 v1.1m UTF-8 support for inputenc
Now handling font encoding OML ...
... no UTF-8 mapping file for font encoding OML
Now handling font encoding T1 ...
... processing UTF-8 mapping file for font encoding T1

(/usr/share/texlive/texmf-dist/tex/latex/base/t1enc.dfu
File: t1enc.dfu 2008/04/05 v1.1m UTF-8 support for inputenc
   defining Unicode char U+00A1 (decimal 161)
   defining Unicode char U+00A3 (decimal 163)
   defining Unicode char U+00AB (decimal 171)
   defining Unicode char U+00BB (decimal 187)
   defining Unicode char U+00BF (decimal 191)
   defining Unicode char U+00C0 (decimal 192)
   defining Unicode char U+00C1 (decimal 193)
   defining Unicode char U+00C2 (decimal 194)
   defining Unicode char U+00C3 (decimal 195)
   defining Unicode char U+00C4 (decimal 196)
   defining Unicode char U+00C5 (decimal 197)
   defining Unicode char U+00C6 (decimal 198)
   defining Unicode char U+00C7 (decimal 199)
   defining Unicode char U+00C8 (decimal 200)
   defining Unicode char U+00C9 (decimal 201)
   defining Unicode char U+00CA (decimal 202)
   defining Unicode char U+00CB (decimal 203)
   defining Unicode char U+00CC (decimal 204)
   defining Unicode char U+00CD (decimal 205)
   defining Unicode char U+00CE (decimal 206)
   defining Unicode char U+00CF (decimal 207)
   defining Unicode char U+00D0 (decimal 208)
   defining Unicode char U+00D1 (decimal 209)
   defining Unicode char U+00D2 (decimal 210)
   defining Unicode char U+00D3 (decimal 211)
   defining Unicode char U+00D4 (decimal 212)
   defining Unicode char U+00D5 (decimal 213)
   defining Unicode char U+00D6 (decimal 214)
   defining Unicode char U+00D8 (decimal 216)
   defining Unicode char U+00D9 (decimal 217)
   defining Unicode char U+00DA (decimal 218)
   defining Unicode char U+00DB (decimal 219)
   defining Unicode char U+00DC (decimal 220)
   defining Unicode char U+00DD (decimal 221)
   defining Unicode char U+00DE (decimal 222)
   defining Unicode char U+00DF (decimal 223)
   defining Unicode char U+00E0 (decimal 224)
   defining Unicode char U+00E1 (decimal 225)
   defining Unicode char U+00E2 (decimal 226)
   defining Unicode char U+00E3 (decimal 227)
   defining Unicode char U+00E4 (decimal 228)
   defining Unicode char U+00E5 (decimal 229)
   defining Unicode char U+00E6 (decimal 230)
   defining Unicode char U+00E7 (decimal 231)
   defining Unicode char U+00E8 (decimal 232)
   defining Unicode char U+00E9 (decimal 233)
   defining Unicode char U+00EA (decimal 234)
   defining Unicode char U+00EB (decimal 235)
   defining Unicode char U+00EC (decimal 236)
   defining Unicode char U+00ED (decimal 237)
   defining Unicode char U+00EE (decimal 238)
   defining Unicode char U+00EF (decimal 239)
   defining Unicode char U+00F0 (decimal 240)
   defining Unicode char U+00F1 (decimal 241)
   defining Unicode char U+00F2 (decimal 242)
   defining Unicode char U+00F3 (decimal 243)
   defining Unicode char U+00F4 (decimal 244)
   defining Unicode char U+00F5 (decimal 245)
   defining Unicode char U+00F6 (decimal 246)
   defining Unicode char U+00F8 (decimal 248)
   defining Unicode char U+00F9 (decimal 249)
   defining Unicode char U+00FA (decimal 250)
   defining Unicode char U+00FB (decimal 251)
   defining Unicode char U+00FC (decimal 252)
   defining Unicode char U+00FD (decimal 253)
   defining Unicode char U+00FE (decimal 254)
   defining Unicode char U+00FF (decimal 255)
   defining Unicode char U+0102 (decimal 258)
   defining Unicode char U+0103 (decimal 259)
   defining Unicode char U+0104 (decimal 260)
   defining Unicode char U+0105 (decimal 261)
   defining Unicode char U+0106 (decimal 262)
   defining Unicode char U+0107 (decimal 263)
   defining Unicode char U+010C (decimal 268)
   defining Unicode char U+010D (decimal 269)
   defining Unicode char U+010E (decimal 270)
   defining Unicode char U+010F (decimal 271)
   defining Unicode char U+0110 (decimal 272)
   defining Unicode char U+0111 (decimal 273)
   defining Unicode char U+0118 (decimal 280)
   defining Unicode char U+0119 (decimal 281)
   defining Unicode char U+011A (decimal 282)
   defining Unicode char U+011B (decimal 283)
   defining Unicode char U+011E (decimal 286)
   defining Unicode char U+011F (decimal 287)
   defining Unicode char U+0130 (decimal 304)
   defining Unicode char U+0131 (decimal 305)
   defining Unicode char U+0132 (decimal 306)
   defining Unicode char U+0133 (decimal 307)
   defining Unicode char U+0139 (decimal 313)
   defining Unicode char U+013A (decimal 314)
   defining Unicode char U+013D (decimal 317)
   defining Unicode char U+013E (decimal 318)
   defining Unicode char U+0141 (decimal 321)
   defining Unicode char U+0142 (decimal 322)
   defining Unicode char U+0143 (decimal 323)
   defining Unicode char U+0144 (decimal 324)
   defining Unicode char U+0147 (decimal 327)
   defining Unicode char U+0148 (decimal 328)
   defining Unicode char U+014A (decimal 330)
   defining Unicode char U+014B (decimal 331)
   defining Unicode char U+0150 (decimal 336)
   defining Unicode char U+0151 (decimal 337)
   defining Unicode char U+0152 (decimal 338)
   defining Unicode char U+0153 (decimal 339)
   defining Unicode char U+0154 (decimal 340)
   defining Unicode char U+0155 (decimal 341)
   defining Unicode char U+0158 (decimal 344)
   defining Unicode char U+0159 (decimal 345)
   defining Unicode char U+015A (decimal 346)
   defining Unicode char U+015B (decimal 347)
   defining Unicode char U+015E (decimal 350)
   defining Unicode char U+015F (decimal 351)
   defining Unicode char U+0160 (decimal 352)
   defining Unicode char U+0161 (decimal 353)
   defining Unicode char U+0162 (decimal 354)
   defining Unicode char U+0163 (decimal 355)
   defining Unicode char U+0164 (decimal 356)
   defining Unicode char U+0165 (decimal 357)
   defining Unicode char U+016E (decimal 366)
   defining Unicode char U+016F (decimal 367)
   defining Unicode char U+0170 (decimal 368)
   defining Unicode char U+0171 (decimal 369)
   defining Unicode char U+0178 (decimal 376)
   defining Unicode char U+0179 (decimal 377)
   defining Unicode char U+017A (decimal 378)
   defining Unicode char U+017B (decimal 379)
   defining Unicode char U+017C (decimal 380)
   defining Unicode char U+017D (decimal 381)
   defining Unicode char U+017E (decimal 382)
   defining Unicode char U+200C (decimal 8204)
   defining Unicode char U+2013 (decimal 8211)
   defining Unicode char U+2014 (decimal 8212)
   defining Unicode char U+2018 (decimal 8216)
   defining Unicode char U+2019 (decimal 8217)
   defining Unicode char U+201A (decimal 8218)
   defining Unicode char U+201C (decimal 8220)
   defining Unicode char U+201D (decimal 8221)
   defining Unicode char U+201E (decimal 8222)
   defining Unicode char U+2030 (decimal 8240)
   defining Unicode char U+2031 (decimal 8241)
   defining Unicode char U+2039 (decimal 8249)
   defining Unicode char U+203A (decimal 8250)
   defining Unicode char U+2423 (decimal 9251)
)
Now handling font encoding OT1 ...
... processing UTF-8 mapping file for font encoding OT1

(/usr/share/texlive/texmf-dist/tex/latex/base/ot1enc.dfu
File: ot1enc.dfu 2008/04/05 v1.1m UTF-8 support for inputenc
   defining Unicode char U+00A1 (decimal 161)
   defining Unicode char U+00A3 (decimal 163)
   defining Unicode char U+00B8 (decimal 184)
   defining Unicode char U+00BF (decimal 191)
   defining Unicode char U+00C5 (decimal 197)
   defining Unicode char U+00C6 (decimal 198)
   defining Unicode char U+00D8 (decimal 216)
   defining Unicode char U+00DF (decimal 223)
   defining Unicode char U+00E6 (decimal 230)
   defining Unicode char U+00EC (decimal 236)
   defining Unicode char U+00ED (decimal 237)
   defining Unicode char U+00EE (decimal 238)
   defining Unicode char U+00EF (decimal 239)
   defining Unicode char U+00F8 (decimal 248)
   defining Unicode char U+0131 (decimal 305)
   defining Unicode char U+0141 (decimal 321)
   defining Unicode char U+0142 (decimal 322)
   defining Unicode char U+0152 (decimal 338)
   defining Unicode char U+0153 (decimal 339)
   defining Unicode char U+2013 (decimal 8211)
   defining Unicode char U+2014 (decimal 8212)
   defining Unicode char U+2018 (decimal 8216)
   defining Unicode char U+2019 (decimal 8217)
   defining Unicode char U+201C (decimal 8220)
   defining Unicode char U+201D (decimal 8221)
)
Now handling font encoding OMS ...
... processing UTF-8 mapping file for font encoding OMS

(/usr/share/texlive/texmf-dist/tex/latex/base/omsenc.dfu
File: omsenc.dfu 2008/04/05 v1.1m UTF-8 support for inputenc
   defining Unicode char U+00A7 (decimal 167)
   defining Unicode char U+00B6 (decimal 182)
   defining Unicode char U+00B7 (decimal 183)
   defining Unicode char U+2020 (decimal 8224)
   defining Unicode char U+2021 (decimal 8225)
   defining Unicode char U+2022 (decimal 8226)
)
Now handling font encoding OMX ...
... no UTF-8 mapping file for font encoding OMX
Now handling font encoding U ...
... no UTF-8 mapping file for font encoding U
   defining Unicode char U+00A9 (decimal 169)
   defining Unicode char U+00AA (decimal 170)
   defining Unicode char U+00AE (decimal 174)
   defining Unicode char U+00BA (decimal 186)
   defining Unicode char U+02C6 (decimal 710)
   defining Unicode char U+02DC (decimal 732)
   defining Unicode char U+200C (decimal 8204)
   defining Unicode char U+2026 (decimal 8230)
   defining Unicode char U+2122 (decimal 8482)
   defining Unicode char U+2423 (decimal 9251)
))
(/usr/share/texlive/texmf-dist/tex/latex/base/makeidx.sty
Package: makeidx 2000/03/29 v1.0m Standard LaTeX package
)
(/usr/share/texlive/texmf-dist/tex/latex/tools/multicol.sty
Package: multicol 2011/06/27 v1.7a multicolumn formatting (FMi)
\c@tracingmulticols=\count101
\mult@box=\box30
\multicol@leftmargin=\dimen124
\c@unbalance=\count102
\c@collectmore=\count103
\doublecol@number=\count104
\multicoltolerance=\count105
\multicolpretolerance=\count106
\full@width=\dimen125
\page@free=\dimen126
\premulticols=\dimen127
\postmulticols=\dimen128
\multicolsep=\skip54
\multicolbaselineskip=\skip55
\partial@page=\box31
\last@line=\box32
\mult@rightbox=\box33
\mult@grightbox=\box34
\mult@gfirstbox=\box35
\mult@firstbox=\box36
\@tempa=\box37
\@tempa=\box38
\@tempa=\box39
\@tempa=\box40
\@tempa=\box41
\@tempa=\box42
\@tempa=\box43
\@tempa=\box44
\@tempa=\box45
\@tempa=\box46
\@tempa=\box47
\@tempa=\box48
\@tempa=\box49
\@tempa=\box50
\@tempa=\box51
\@tempa=\box52
\@tempa=\box53
\c@columnbadness=\count107
\c@finalcolumnbadness=\count108
\last@try=\dimen129
\multicolovershoot=\dimen130
\multicolundershoot=\dimen131
\mult@nat@firstbox=\box54
\colbreak@box=\box55
\multicol@sort@counter=\count109
)
(/usr/share/texlive/texmf-dist/tex/latex/multirow/multirow.sty
\bigstrutjot=\dimen132
)
(/usr/share/texlive/texmf-dist/tex/latex/base/textcomp.sty
Package: textcomp 2005/09/27 v1.99g Standard LaTeX package
Package textcomp Info: Sub-encoding information:
(textcomp)               5 = only ISO-Adobe without \textcurrency
(textcomp)               4 = 5 + \texteuro
(textcomp)               3 = 4 + \textohm
(textcomp)               2 = 3 + \textestimated + \textcurrency
(textcomp)               1 = TS1 - \textcircled - \t
(textcomp)               0 = TS1 (full)
(textcomp)             Font families with sub-encoding setting implement
(textcomp)             only a restricted character set as indicated.
(textcomp)             Family '?' is the default used for unknown fonts.
(textcomp)             See the documentation for details.
Package textcomp Info: Setting ? sub-encoding to TS1/1 on input line 71.

(/usr/share/texlive/texmf-dist/tex/latex/base/ts1enc.def
File: ts1enc.def 2001/06/05 v3.0e (jk/car/fm) Standard LaTeX file
Now handling font encoding TS1 ...
... processing UTF-8 mapping file for font encoding TS1

(/usr/share/texlive/texmf-dist/tex/latex/base/ts1enc.dfu
File: ts1enc.dfu 2008/04/05 v1.1m UTF-8 support for inputenc
   defining Unicode char U+00A2 (decimal 162)
   defining Unicode char U+00A3 (decimal 163)
   defining Unicode char U+00A4 (decimal 164)
   defining Unicode char U+00A5 (decimal 165)
   defining Unicode char U+00A6 (decimal 166)
   defining Unicode char U+00A7 (decimal 167)
   defining Unicode char U+00A8 (decimal 168)
   defining Unicode char U+00A9 (decimal 169)
   defining Unicode char U+00AA (decimal 170)
   defining Unicode char U+00AC (decimal 172)
   defining Unicode char U+00AE (decimal 174)
   defining Unicode char U+00AF (decimal 175)
   defining Unicode char U+00B0 (decimal 176)
   defining Unicode char U+00B1 (decimal 177)
   defining Unicode char U+00B2 (decimal 178)
   defining Unicode char U+00B3 (decimal 179)
   defining Unicode char U+00B4 (decimal 180)
   defining Unicode char U+00B5 (decimal 181)
   defining Unicode char U+00B6 (decimal 182)
   defining Unicode char U+00B7 (decimal 183)
   defining Unicode char U+00B9 (decimal 185)
   defining Unicode char U+00BA (decimal 186)
   defining Unicode char U+00BC (decimal 188)
   defining Unicode char U+00BD (decimal 189)
   defining Unicode char U+00BE (decimal 190)
   defining Unicode char U+00D7 (decimal 215)
   defining Unicode char U+00F7 (decimal 247)
   defining Unicode char U+0192 (decimal 402)
   defining Unicode char U+02C7 (decimal 711)
   defining Unicode char U+02D8 (decimal 728)
   defining Unicode char U+02DD (decimal 733)
   defining Unicode char U+0E3F (decimal 3647)
   defining Unicode char U+2016 (decimal 8214)
   defining Unicode char U+2020 (decimal 8224)
   defining Unicode char U+2021 (decimal 8225)
   defining Unicode char U+2022 (decimal 8226)
   defining Unicode char U+2030 (decimal 8240)
   defining Unicode char U+2031 (decimal 8241)
   defining Unicode char U+203B (decimal 8251)
   defining Unicode char U+203D (decimal 8253)
   defining Unicode char U+2044 (decimal 8260)
   defining Unicode char U+204E (decimal 8270)
   defining Unicode char U+2052 (decimal 8274)
   defining Unicode char U+20A1 (decimal 8353)
   defining Unicode char U+20A4 (decimal 8356)
   defining Unicode char U+20A6 (decimal 8358)
   defining Unicode char U+20A9 (decimal 8361)
   defining Unicode char U+20AB (decimal 8363)
   defining Unicode char U+20AC (decimal 8364)
   defining Unicode char U+20B1 (decimal 8369)
   defining Unicode char U+2103 (decimal 8451)
   defining Unicode char U+2116 (decimal 8470)
   defining Unicode char U+2117 (decimal 8471)
   defining Unicode char U+211E (decimal 8478)
   defining Unicode char U+2120 (decimal 8480)
   defining Unicode char U+2122 (decimal 8482)
   defining Unicode char U+2126 (decimal 8486)
   defining Unicode char U+2127 (decimal 8487)
   defining Unicode char U+212E (decimal 8494)
   defining Unicode char U+2190 (decimal 8592)
   defining Unicode char U+2191 (decimal 8593)
   defining Unicode char U+2192 (decimal 8594)
   defining Unicode char U+2193 (decimal 8595)
   defining Unicode char U+2329 (decimal 9001)
   defining Unicode char U+232A (decimal 9002)
   defining Unicode char U+2422 (decimal 9250)
   defining Unicode char U+25E6 (decimal 9702)
   defining Unicode char U+25EF (decimal 9711)
   defining Unicode char U+266A (decimal 9834)
))
LaTeX Info: Redefining \oldstylenums on input line 266.
Package textcomp Info: Setting cmr sub-encoding to TS1/0 on input line 281.
Package textcomp Info: Setting cmss sub-encoding to TS1/0 on input line 282.
Package textcomp Info: Setting cmtt sub-encoding to TS1/0 on input line 283.
Package textcomp Info: Setting cmvtt sub-encoding to TS1/0 on input line 284.
Package textcomp Info: Setting cmbr sub-encoding to TS1/0 on input line 285.
Package textcomp Info: Setting cmtl sub-encoding to TS1/0 on input line 286.
Package textcomp Info: Setting ccr sub-encoding to TS1/0 on input line 287.
Package textcomp Info: Setting ptm sub-encoding to TS1/4 on input line 288.
Package textcomp Info: Setting pcr sub-encoding to TS1/4 on input line 289.
Package textcomp Info: Setting phv sub-encoding to TS1/4 on input line 290.
Package textcomp Info: Setting ppl sub-encoding to TS1/3 on input line 291.
Package textcomp Info: Setting pag sub-encoding to TS1/4 on input line 292.
Package textcomp Info: Setting pbk sub-encoding to TS1/4 on input line 293.
Package textcomp Info: Setting pnc sub-encoding to TS1/4 on input line 294.
Package textcomp Info: Setting pzc sub-encoding to TS1/4 on input line 295.
Package textcomp Info: Setting bch sub-encoding to TS1/4 on input line 296.
Package textcomp Info: Setting put sub-encoding to TS1/5 on input line 297.
Package textcomp Info: Setting uag sub-encoding to TS1/5 on input line 298.
Package textcomp Info: Setting ugq sub-encoding to TS1/5 on input line 299.
Package textcomp Info: Setting ul8 sub-encoding to TS1/4 on input line 300.
Package textcomp Info: Setting ul9 sub-encoding to TS1/4 on input line 301.
Package textcomp Info: Setting augie sub-encoding to TS1/5 on input line 302.
Package textcomp Info: Setting dayrom sub-encoding to TS1/3 on input line 303.
Package textcomp Info: Setting dayroms sub-encoding to TS1/3 on input line 304.

Package textcomp Info: Setting pxr sub-encoding to TS1/0 on input line 305.
Package textcomp Info: Setting pxss sub-encoding to TS1/0 on input line 306.
Package textcomp Info: Setting pxtt sub-encoding to TS1/0 on input line 307.
Package textcomp Info: Setting txr sub-encoding to TS1/0 on input line 308.
Package textcomp Info: Setting txss sub-encoding to TS1/0 on input line 309.
Package textcomp Info: Setting txtt sub-encoding to TS1/0 on input line 310.
Package textcomp Info: Setting lmr sub-encoding to TS1/0 on input line 311.
Package textcomp Info: Setting lmdh sub-encoding to TS1/0 on input line 312.
Package textcomp Info: Setting lmss sub-encoding to TS1/0 on input line 313.
Package textcomp Info: Setting lmssq sub-encoding to TS1/0 on input line 314.
Package textcomp Info: Setting lmvtt sub-encoding to TS1/0 on input line 315.
Package textcomp Info: Setting qhv sub-encoding to TS1/0 on input line 316.
Package textcomp Info: Setting qag sub-encoding to TS1/0 on input line 317.
Package textcomp Info: Setting qbk sub-encoding to TS1/0 on input line 318.
Package textcomp Info: Setting qcr sub-encoding to TS1/0 on input line 319.
Package textcomp Info: Setting qcs sub-encoding to TS1/0 on input line 320.
Package textcomp Info: Setting qpl sub-encoding to TS1/0 on input line 321.
Package textcomp Info: Setting qtm sub-encoding to TS1/0 on input line 322.
Package textcomp Info: Setting qzc sub-encoding to TS1/0 on input line 323.
Package textcomp Info: Setting qhvc sub-encoding to TS1/0 on input line 324.
Package textcomp Info: Setting futs sub-encoding to TS1/4 on input line 325.
Package textcomp Info: Setting futx sub-encoding to TS1/4 on input line 326.
Package textcomp Info: Setting futj sub-encoding to TS1/4 on input line 327.
Package textcomp Info: Setting hlh sub-encoding to TS1/3 on input line 328.
Package textcomp Info: Setting hls sub-encoding to TS1/3 on input line 329.
Package textcomp Info: Setting hlst sub-encoding to TS1/3 on input line 330.
Package textcomp Info: Setting hlct sub-encoding to TS1/5 on input line 331.
Package textcomp Info: Setting hlx sub-encoding to TS1/5 on input line 332.
Package textcomp Info: Setting hlce sub-encoding to TS1/5 on input line 333.
Package textcomp Info: Setting hlcn sub-encoding to TS1/5 on input line 334.
Package textcomp Info: Setting hlcw sub-encoding to TS1/5 on input line 335.
Package textcomp Info: Setting hlcf sub-encoding to TS1/5 on input line 336.
Package textcomp Info: Setting pplx sub-encoding to TS1/3 on input line 337.
Package textcomp Info: Setting pplj sub-encoding to TS1/3 on input line 338.
Package textcomp Info: Setting ptmx sub-encoding to TS1/4 on input line 339.
Package textcomp Info: Setting ptmj sub-encoding to TS1/4 on input line 340.
)
(/usr/share/texlive/texmf-dist/tex/latex/base/fontenc.sty
Package: fontenc 2005/09/27 v1.99g Standard LaTeX package

(/usr/share/texlive/texmf-dist/tex/latex/base/t1enc.def
File: t1enc.def 2005/09/27 v1.99g Standard LaTeX file
LaTeX Font Info:    Redeclaring font encoding T1 on input line 43.
))
(/usr/share/texlive/texmf-dist/tex/latex/psnfss/mathptmx.sty
Package: mathptmx 2005/04/12 PSNFSS-v9.2a Times w/ Math, improved (SPQR, WaS) 
LaTeX Font Info:    Redeclaring symbol font `operators' on input line 28.
LaTeX Font Info:    Overwriting symbol font `operators' in version `normal'
(Font)                  OT1/cmr/m/n --> OT1/ztmcm/m/n on input line 28.
LaTeX Font Info:    Overwriting symbol font `operators' in version `bold'
(Font)                  OT1/cmr/bx/n --> OT1/ztmcm/m/n on input line 28.
LaTeX Font Info:    Redeclaring symbol font `letters' on input line 29.
LaTeX Font Info:    Overwriting symbol font `letters' in version `normal'
(Font)                  OML/cmm/m/it --> OML/ztmcm/m/it on input line 29.
LaTeX Font Info:    Overwriting symbol font `letters' in version `bold'
(Font)                  OML/cmm/b/it --> OML/ztmcm/m/it on input line 29.
LaTeX Font Info:    Redeclaring symbol font `symbols' on input line 30.
LaTeX Font Info:    Overwriting symbol font `symbols' in version `normal'
(Font)                  OMS/cmsy/m/n --> OMS/ztmcm/m/n on input line 30.
LaTeX Font Info:    Overwriting symbol font `symbols' in version `bold'
(Font)                  OMS/cmsy/b/n --> OMS/ztmcm/m/n on input line 30.
LaTeX Font Info:    Redeclaring symbol font `largesymbols' on input line 31.
LaTeX Font Info:    Overwriting symbol font `largesymbols' in version `normal'
(Font)                  OMX/cmex/m/n --> OMX/ztmcm/m/n on input line 31.
LaTeX Font Info:    Overwriting symbol font `largesymbols' in version `bold'
(Font)                  OMX/cmex/m/n --> OMX/ztmcm/m/n on input line 31.
\symbold=\mathgroup4
\symitalic=\mathgroup5
LaTeX Font Info:    Redeclaring math alphabet \mathbf on input line 34.
LaTeX Font Info:    Overwriting math alphabet `\mathbf' in version `normal'
(Font)                  OT1/cmr/bx/n --> OT1/ptm/bx/n on input line 34.
LaTeX Font Info:    Overwriting math alphabet `\mathbf' in version `bold'
(Font)                  OT1/cmr/bx/n --> OT1/ptm/bx/n on input line 34.
LaTeX Font Info:    Redeclaring math alphabet \mathit on input line 35.
LaTeX Font Info:    Overwriting math alphabet `\mathit' in version `normal'
(Font)                  OT1/cmr/m/it --> OT1/ptm/m/it on input line 35.
LaTeX Font Info:    Overwriting math alphabet `\mathit' in version `bold'
(Font)                  OT1/cmr/bx/it --> OT1/ptm/m/it on input line 35.
LaTeX Info: Redefining \hbar on input line 50.
)
(/usr/share/texlive/texmf-dist/tex/latex/psnfss/helvet.sty
Package: helvet 2005/04/12 PSNFSS-v9.2a (WaS) 
)
(/usr/share/texlive/texmf-dist/tex/latex/psnfss/courier.sty
Package: courier 2005/04/12 PSNFSS-v9.2a (WaS) 
)
(/usr/share/texlive/texmf-dist/tex/latex/amsfonts/amssymb.sty
Package: amssymb 2013/01/14 v3.01 AMS font symbols

(/usr/share/texlive/texmf-dist/tex/latex/amsfonts/amsfonts.sty
Package: amsfonts 2013/01/14 v3.01 Basic AMSFonts support
\@emptytoks=\toks23
\symAMSa=\mathgroup6
\symAMSb=\mathgroup7
LaTeX Font Info:    Overwriting math alphabet `\mathfrak' in version `bold'
(Font)                  U/euf/m/n --> U/euf/b/n on input line 106.
))
(/usr/share/texlive/texmf-dist/tex/latex/sectsty/sectsty.sty
Package: sectsty 2002/02/25 v2.0.2 Commands to change all sectional heading sty
les
)
(/usr/share/texlive/texmf-dist/tex/latex/geometry/geometry.sty
Package: geometry 2010/09/12 v5.6 Page Geometry

(/usr/share/texlive/texmf-dist/tex/generic/oberdiek/ifpdf.sty
Package: ifpdf 2011/01/30 v2.3 Provides the ifpdf switch (HO)
Package ifpdf Info: pdfTeX in PDF mode is detected.
)
(/usr/share/texlive/texmf-dist/tex/generic/oberdiek/ifvtex.sty
Package: ifvtex 2010/03/01 v1.5 Detect VTeX and its facilities (HO)
Package ifvtex Info: VTeX not detected.
)
(/usr/share/texlive/texmf-dist/tex/generic/ifxetex/ifxetex.sty
Package: ifxetex 2010/09/12 v0.6 Provides ifxetex conditional
)
\Gm@cnth=\count110
\Gm@cntv=\count111
\c@Gm@tempcnt=\count112
\Gm@bindingoffset=\dimen133
\Gm@wd@mp=\dimen134
\Gm@odd@mp=\dimen135
\Gm@even@mp=\dimen136
\Gm@layoutwidth=\dimen137
\Gm@layoutheight=\dimen138
\Gm@layouthoffset=\dimen139
\Gm@layoutvoffset=\dimen140
\Gm@dimlist=\toks24
)
(/usr/share/texlive/texmf-dist/tex/latex/fancyhdr/fancyhdr.sty
\fancy@headwidth=\skip56
\f@ncyO@elh=\skip57
\f@ncyO@erh=\skip58
\f@ncyO@olh=\skip59
\f@ncyO@orh=\skip60
\f@ncyO@elf=\skip61
\f@ncyO@erf=\skip62
\f@ncyO@olf=\skip63
\f@ncyO@orf=\skip64
)
(/usr/share/texlive/texmf-dist/tex/latex/natbib/natbib.sty
Package: natbib 2010/09/13 8.31b (PWD, AO)
\bibhang=\skip65
\bibsep=\skip66
LaTeX Info: Redefining \cite on input line 694.
\c@NAT@ctr=\count113
)
(/usr/share/texlive/texmf-dist/tex/latex/tocloft/tocloft.sty
Package: tocloft 2013/05/02 v2.3f parameterised ToC, etc., typesetting
Package tocloft Info: The document has chapter divisions on input line 44.
\cftparskip=\skip67
\cftbeforetoctitleskip=\skip68
\cftaftertoctitleskip=\skip69
\cftbeforepartskip=\skip70
\cftpartnumwidth=\skip71
\cftpartindent=\skip72
\cftbeforechapskip=\skip73
\cftchapindent=\skip74
\cftchapnumwidth=\skip75
\cftbeforesecskip=\skip76
\cftsecindent=\skip77
\cftsecnumwidth=\skip78
\cftbeforesubsecskip=\skip79
\cftsubsecindent=\skip80
\cftsubsecnumwidth=\skip81
\cftbeforesubsubsecskip=\skip82
\cftsubsubsecindent=\skip83
\cftsubsubsecnumwidth=\skip84
\cftbeforeparaskip=\skip85
\cftparaindent=\skip86
\cftparanumwidth=\skip87
\cftbeforesubparaskip=\skip88
\cftsubparaindent=\skip89
\cftsubparanumwidth=\skip90
\cftbeforeloftitleskip=\skip91
\cftafterloftitleskip=\skip92
\cftbeforefigskip=\skip93
\cftfigindent=\skip94
\cftfignumwidth=\skip95
\c@lofdepth=\count114
\c@lotdepth=\count115
\cftbeforelottitleskip=\skip96
\cftafterlottitleskip=\skip97
\cftbeforetabskip=\skip98
\cfttabindent=\skip99
\cfttabnumwidth=\skip100
)
\@indexfile=\write3
\openout3 = `refman.idx'.


Writing index file refman.idx
(/usr/share/texlive/texmf-dist/tex/latex/hyperref/hyperref.sty
Package: hyperref 2012/11/06 v6.83m Hypertext links for LaTeX

(/usr/share/texlive/texmf-dist/tex/generic/oberdiek/hobsub-hyperref.sty
Package: hobsub-hyperref 2012/05/28 v1.13 Bundle oberdiek, subset hyperref (HO)


(/usr/share/texlive/texmf-dist/tex/generic/oberdiek/hobsub-generic.sty
Package: hobsub-generic 2012/05/28 v1.13 Bundle oberdiek, subset generic (HO)
Package: hobsub 2012/05/28 v1.13 Construct package bundles (HO)
Package hobsub Info: Skipping package `infwarerr' (already loaded).
Package hobsub Info: Skipping package `ltxcmds' (already loaded).
Package: ifluatex 2010/03/01 v1.3 Provides the ifluatex switch (HO)
Package ifluatex Info: LuaTeX not detected.
Package hobsub Info: Skipping package `ifvtex' (already loaded).
Package: intcalc 2007/09/27 v1.1 Expandable calculations with integers (HO)
Package hobsub Info: Skipping package `ifpdf' (already loaded).
Package: etexcmds 2011/02/16 v1.5 Avoid name clashes with e-TeX commands (HO)
Package etexcmds Info: Could not find \expanded.
(etexcmds)             That can mean that you are not using pdfTeX 1.50 or
(etexcmds)             that some package has redefined \expanded.
(etexcmds)             In the latter case, load this package earlier.
Package: kvsetkeys 2012/04/25 v1.16 Key value parser (HO)
Package: kvdefinekeys 2011/04/07 v1.3 Define keys (HO)
Package: pdftexcmds 2011/11/29 v0.20 Utility functions of pdfTeX for LuaTeX (HO
)
Package pdftexcmds Info: LuaTeX not detected.
Package pdftexcmds Info: \pdf@primitive is available.
Package pdftexcmds Info: \pdf@ifprimitive is available.
Package pdftexcmds Info: \pdfdraftmode found.
Package: pdfescape 2011/11/25 v1.13 Implements pdfTeX's escape features (HO)
Package: bigintcalc 2012/04/08 v1.3 Expandable calculations on big integers (HO
)
Package: bitset 2011/01/30 v1.1 Handle bit-vector datatype (HO)
Package: uniquecounter 2011/01/30 v1.2 Provide unlimited unique counter (HO)
)
Package hobsub Info: Skipping package `hobsub' (already loaded).
Package: letltxmacro 2010/09/02 v1.4 Let assignment for LaTeX macros (HO)
Package: hopatch 2012/05/28 v1.2 Wrapper for package hooks (HO)
Package: xcolor-patch 2011/01/30 xcolor patch
Package: atveryend 2011/06/30 v1.8 Hooks at the very end of document (HO)
Package atveryend Info: \enddocument detected (standard20110627).
Package: atbegshi 2011/10/05 v1.16 At begin shipout hook (HO)
Package: refcount 2011/10/16 v3.4 Data extraction from label references (HO)
Package: hycolor 2011/01/30 v1.7 Color options for hyperref/bookmark (HO)
)
(/usr/share/texlive/texmf-dist/tex/latex/oberdiek/auxhook.sty
Package: auxhook 2011/03/04 v1.3 Hooks for auxiliary files (HO)
)
(/usr/share/texlive/texmf-dist/tex/latex/oberdiek/kvoptions.sty
Package: kvoptions 2011/06/30 v3.11 Key value format for package options (HO)
)
\@linkdim=\dimen141
\Hy@linkcounter=\count116
\Hy@pagecounter=\count117

(/usr/share/texlive/texmf-dist/tex/latex/hyperref/pd1enc.def
File: pd1enc.def 2012/11/06 v6.83m Hyperref: PDFDocEncoding definition (HO)
Now handling font encoding PD1 ...
... no UTF-8 mapping file for font encoding PD1
)
\Hy@SavedSpaceFactor=\count118

(/usr/share/texlive/texmf-dist/tex/latex/latexconfig/hyperref.cfg
File: hyperref.cfg 2002/06/06 v1.2 hyperref configuration of TeXLive
)
Package hyperref Info: Hyper figures OFF on input line 4443.
Package hyperref Info: Link nesting OFF on input line 4448.
Package hyperref Info: Hyper index ON on input line 4451.
Package hyperref Info: Plain pages OFF on input line 4458.
Package hyperref Info: Backreferencing ON on input line 4461.
Package hyperref Info: Implicit mode ON; LaTeX internals redefined.
Package hyperref Info: Bookmarks ON on input line 4688.

(/usr/share/texlive/texmf-dist/tex/latex/hyperref/backref.sty
Package: backref 2012/07/25 v1.38 Bibliographical back referencing

(/usr/share/texlive/texmf-dist/tex/latex/oberdiek/rerunfilecheck.sty
Package: rerunfilecheck 2011/04/15 v1.7 Rerun checks for auxiliary files (HO)
Package uniquecounter Info: New unique counter `rerunfilecheck' on input line 2
82.
))
\c@Hy@tempcnt=\count119

(/usr/share/texlive/texmf-dist/tex/latex/url/url.sty
\Urlmuskip=\muskip10
Package: url 2013/09/16  ver 3.4  Verb mode for urls, etc.
)
LaTeX Info: Redefining \url on input line 5041.
\XeTeXLinkMargin=\dimen142
\Fld@menulength=\count120
\Field@Width=\dimen143
\Fld@charsize=\dimen144
Package hyperref Info: Hyper figures OFF on input line 6295.
Package hyperref Info: Link nesting OFF on input line 6300.
Package hyperref Info: Hyper index ON on input line 6303.
Package hyperref Info: backreferencing ON on input line 6308.
Package hyperref Info: Link coloring OFF on input line 6315.
Package hyperref Info: Link coloring with OCG OFF on input line 6320.
Package hyperref Info: PDF/A mode OFF on input line 6325.
LaTeX Info: Redefining \ref on input line 6365.
LaTeX Info: Redefining \pageref on input line 6369.
\Hy@abspage=\count121
\c@Item=\count122
\c@Hfootnote=\count123
)

Package hyperref Message: Driver: hpdftex.

(/usr/share/texlive/texmf-dist/tex/latex/hyperref/hpdftex.def
File: hpdftex.def 2012/11/06 v6.83m Hyperref driver for pdfTeX
\Fld@listcount=\count124
\c@bookmark@seq@number=\count125
\Hy@SectionHShift=\skip101
)
Package hyperref Info: Option `colorlinks' set `true' on input line 101.
Package hyperref Info: Option `unicode' set `true' on input line 101.

(/usr/share/texlive/texmf-dist/tex/latex/hyperref/puenc.def
File: puenc.def 2012/11/06 v6.83m Hyperref: PDF Unicode definition (HO)
Now handling font encoding PU ...
... no UTF-8 mapping file for font encoding PU
) (./refman.aux)
\openout1 = `refman.aux'.

LaTeX Font Info:    Checking defaults for OML/cmm/m/it on input line 111.
LaTeX Font Info:    ... okay on input line 111.
LaTeX Font Info:    Checking defaults for T1/cmr/m/n on input line 111.
LaTeX Font Info:    ... okay on input line 111.
LaTeX Font Info:    Checking defaults for OT1/cmr/m/n on input line 111.
LaTeX Font Info:    ... okay on input line 111.
LaTeX Font Info:    Checking defaults for OMS/cmsy/m/n on input line 111.
LaTeX Font Info:    ... okay on input line 111.
LaTeX Font Info:    Checking defaults for OMX/cmex/m/n on input line 111.
LaTeX Font Info:    ... okay on input line 111.
LaTeX Font Info:    Checking defaults for U/cmr/m/n on input line 111.
LaTeX Font Info:    ... okay on input line 111.
LaTeX Font Info:    Checking defaults for TS1/cmr/m/n on input line 111.
LaTeX Font Info:    Try loading font information for TS1+cmr on input line 111.


(/usr/share/texlive/texmf-dist/tex/latex/base/ts1cmr.fd
File: ts1cmr.fd 1999/05/25 v2.5h Standard LaTeX font definitions
)
LaTeX Font Info:    ... okay on input line 111.
LaTeX Font Info:    Checking defaults for PD1/pdf/m/n on input line 111.
LaTeX Font Info:    ... okay on input line 111.
LaTeX Font Info:    Checking defaults for PU/pdf/m/n on input line 111.
LaTeX Font Info:    ... okay on input line 111.
LaTeX Font Info:    Try loading font information for T1+phv on input line 111.

(/usr/share/texlive/texmf-dist/tex/latex/psnfss/t1phv.fd
File: t1phv.fd 2001/06/04 scalable font definitions for T1/phv.
)
LaTeX Font Info:    Font shape `T1/phv/m/n' will be
(Font)              scaled to size 8.99994pt on input line 111.

(/usr/share/texlive/texmf-dist/tex/context/base/supp-pdf.mkii
[Loading MPS to PDF converter (version 2006.09.02).]
\scratchcounter=\count126
\scratchdimen=\dimen145
\scratchbox=\box56
\nofMPsegments=\count127
\nofMParguments=\count128
\everyMPshowfont=\toks25
\MPscratchCnt=\count129
\MPscratchDim=\dimen146
\MPnumerator=\count130
\makeMPintoPDFobject=\count131
\everyMPtoPDFconversion=\toks26
) (/usr/share/texlive/texmf-dist/tex/latex/oberdiek/epstopdf-base.sty
Package: epstopdf-base 2010/02/09 v2.5 Base part for package epstopdf

(/usr/share/texlive/texmf-dist/tex/latex/oberdiek/grfext.sty
Package: grfext 2010/08/19 v1.1 Manage graphics extensions (HO)
)
Package grfext Info: Graphics extension search list:
(grfext)             [.png,.pdf,.jpg,.mps,.jpeg,.jbig2,.jb2,.PNG,.PDF,.JPG,.JPE
G,.JBIG2,.JB2,.eps]
(grfext)             \AppendGraphicsExtensions on input line 452.

(/usr/share/texlive/texmf-dist/tex/latex/latexconfig/epstopdf-sys.cfg
File: epstopdf-sys.cfg 2010/07/13 v1.3 Configuration of (r)epstopdf for TeX Liv
e
))
\big@size=\dimen147

*geometry* driver: auto-detecting
*geometry* detected driver: pdftex
*geometry* verbose mode - [ preamble ] result:
* driver: pdftex
* paper: a4paper
* layout: <same size as paper>
* layoutoffset:(h,v)=(0.0pt,0.0pt)
* modes: twoside 
* h-part:(L,W,R)=(71.13188pt, 455.24411pt, 71.13188pt)
* v-part:(T,H,B)=(71.13188pt, 702.78308pt, 71.13188pt)
* \paperwidth=597.50787pt
* \paperheight=845.04684pt
* \textwidth=455.24411pt
* \textheight=702.78308pt
* \oddsidemargin=-1.1381pt
* \evensidemargin=-1.1381pt
* \topmargin=-31.2056pt
* \headheight=12.0pt
* \headsep=18.06749pt
* \topskip=10.0pt
* \footskip=25.29494pt
* \marginparwidth=125.0pt
* \marginparsep=7.0pt
* \columnsep=10.0pt
* \skip\footins=9.0pt plus 4.0pt minus 2.0pt
* \hoffset=0.0pt
* \voffset=0.0pt
* \mag=1000
* \@twocolumnfalse
* \@twosidetrue
* \@mparswitchtrue
* \@reversemarginfalse
* (1in=72.27pt=25.4mm, 1cm=28.453pt)

\AtBeginShipoutBox=\box57
Package backref Info: ** backref set up for natbib ** on input line 111.
Package hyperref Info: Link coloring ON on input line 111.
(/usr/share/texlive/texmf-dist/tex/latex/hyperref/nameref.sty
Package: nameref 2012/10/27 v2.43 Cross-referencing by name of section

(/usr/share/texlive/texmf-dist/tex/generic/oberdiek/gettitlestring.sty
Package: gettitlestring 2010/12/03 v1.4 Cleanup title references (HO)
)
\c@section@level=\count132
)
LaTeX Info: Redefining \ref on input line 111.
LaTeX Info: Redefining \pageref on input line 111.
LaTeX Info: Redefining \nameref on input line 111.

(./refman.out) (./refman.out)
\@outlinefile=\write4
\openout4 = `refman.out'.

Package hyperref Info: Option `pageanchor' set `false' on input line 114.
LaTeX Font Info:    Font shape `T1/phv/m/n' will be
(Font)              scaled to size 12.9599pt on input line 119.
LaTeX Font Info:    Font shape `T1/phv/m/n' will be
(Font)              scaled to size 10.79993pt on input line 121.
LaTeX Font Info:    Font shape `T1/phv/m/n' will be
(Font)              scaled to size 8.09995pt on input line 123.
 [1


{/var/lib/texmf/fonts/map/pdftex/updmap/pdftex.map}] [2

]
LaTeX Font Info:    Font shape `T1/phv/m/n' will be
(Font)              scaled to size 22.39185pt on input line 127.
LaTeX Font Info:    Font shape `T1/phv/bx/n' in size <24.88> not available
(Font)              Font shape `T1/phv/b/n' tried instead on input line 127.
LaTeX Font Info:    Font shape `T1/phv/b/n' will be
(Font)              scaled to size 22.39185pt on input line 127.
LaTeX Font Info:    Font shape `T1/phv/bc/n' will be
(Font)              scaled to size 22.39185pt on input line 127.
 (./refman.toc
LaTeX Font Info:    Font shape `T1/phv/bx/n' in size <10> not available
(Font)              Font shape `T1/phv/b/n' tried instead on input line 1.
LaTeX Font Info:    Font shape `T1/phv/b/n' will be
(Font)              scaled to size 8.99994pt on input line 1.
LaTeX Font Info:    Try loading font information for OT1+ztmcm on input line 1.


(/usr/share/texlive/texmf-dist/tex/latex/psnfss/ot1ztmcm.fd
File: ot1ztmcm.fd 2000/01/03 Fontinst v1.801 font definitions for OT1/ztmcm.
)
LaTeX Font Info:    Try loading font information for OML+ztmcm on input line 1.


(/usr/share/texlive/texmf-dist/tex/latex/psnfss/omlztmcm.fd
File: omlztmcm.fd 2000/01/03 Fontinst v1.801 font definitions for OML/ztmcm.
)
LaTeX Font Info:    Try loading font information for OMS+ztmcm on input line 1.


(/usr/share/texlive/texmf-dist/tex/latex/psnfss/omsztmcm.fd
File: omsztmcm.fd 2000/01/03 Fontinst v1.801 font definitions for OMS/ztmcm.
)
LaTeX Font Info:    Try loading font information for OMX+ztmcm on input line 1.


(/usr/share/texlive/texmf-dist/tex/latex/psnfss/omxztmcm.fd
File: omxztmcm.fd 2000/01/03 Fontinst v1.801 font definitions for OMX/ztmcm.
)
LaTeX Font Info:    Try loading font information for OT1+ptm on input line 1.

(/usr/share/texlive/texmf-dist/tex/latex/psnfss/ot1ptm.fd
File: ot1ptm.fd 2001/06/04 font definitions for OT1/ptm.
)
LaTeX Font Info:    Font shape `OT1/ptm/bx/n' in size <10> not available
(Font)              Font shape `OT1/ptm/b/n' tried instead on input line 1.
LaTeX Font Info:    Font shape `OT1/ptm/bx/n' in size <7.4> not available
(Font)              Font shape `OT1/ptm/b/n' tried instead on input line 1.
LaTeX Font Info:    Font shape `OT1/ptm/bx/n' in size <6> not available
(Font)              Font shape `OT1/ptm/b/n' tried instead on input line 1.
 [3

]
LaTeX Font Info:    Font shape `T1/phv/bx/n' in size <7> not available
(Font)              Font shape `T1/phv/b/n' tried instead on input line 69.
LaTeX Font Info:    Font shape `T1/phv/b/n' will be
(Font)              scaled to size 6.29996pt on input line 69.
 [4] [5] [6]
[7] [8] [9])
\tf@toc=\write5
\openout5 = `refman.toc'.

 [10]
Package hyperref Info: Option `pageanchor' set `true' on input line 130.

Chapter 1.
LaTeX Font Info:    Font shape `T1/phv/m/n' will be
(Font)              scaled to size 18.66588pt on input line 133.
LaTeX Font Info:    Font shape `T1/phv/bx/n' in size <20.74> not available
(Font)              Font shape `T1/phv/b/n' tried instead on input line 133.
LaTeX Font Info:    Font shape `T1/phv/b/n' will be
(Font)              scaled to size 18.66588pt on input line 133.
LaTeX Font Info:    Font shape `T1/phv/bc/n' will be
(Font)              scaled to size 18.66588pt on input line 133.
(./index.tex
LaTeX Font Info:    Try loading font information for T1+pcr on input line 7.
 (/usr/share/texlive/texmf-dist/tex/latex/psnfss/t1pcr.fd
File: t1pcr.fd 2001/06/04 font definitions for T1/pcr.
))
[1


] [2

]
Chapter 2.
(./namespaces.tex
LaTeX Font Info:    Font shape `T1/phv/bx/n' in size <14.4> not available
(Font)              Font shape `T1/phv/b/n' tried instead on input line 1.
LaTeX Font Info:    Font shape `T1/phv/b/n' will be
(Font)              scaled to size 12.9599pt on input line 1.
LaTeX Font Info:    Font shape `T1/phv/bc/n' will be
(Font)              scaled to size 12.9599pt on input line 1.
) [3] [4

]
Chapter 3.
(./hierarchy.tex) [5] [6

]
Chapter 4.
(./annotated.tex) [7] [8

]
Chapter 5.
(./files.tex) [9] [10

]
Chapter 6.
(./namespace_axon_delay.tex
LaTeX Font Info:    Font shape `T1/phv/bx/n' in size <12> not available
(Font)              Font shape `T1/phv/b/n' tried instead on input line 4.
LaTeX Font Info:    Font shape `T1/phv/b/n' will be
(Font)              scaled to size 10.79993pt on input line 4.
LaTeX Font Info:    Font shape `T1/phv/bc/n' will be
(Font)              scaled to size 10.79993pt on input line 4.
LaTeX Font Info:    Try loading font information for TS1+phv on input line 7.

(/usr/share/texlive/texmf-dist/tex/latex/psnfss/ts1phv.fd
File: ts1phv.fd 2001/06/04 scalable font definitions for TS1/phv.
)
LaTeX Font Info:    Font shape `TS1/phv/m/n' will be
(Font)              scaled to size 8.99994pt on input line 7.
LaTeX Font Info:    Font shape `T1/phv/m/it' in size <9> not available
(Font)              Font shape `T1/phv/m/sl' tried instead on input line 8.
LaTeX Font Info:    Font shape `T1/phv/m/sl' will be
(Font)              scaled to size 8.09995pt on input line 8.
)
(./namespace_channel_conductance.tex) (./namespace_compartment.tex
LaTeX Font Info:    Font shape `T1/phv/bc/n' will be
(Font)              scaled to size 8.99994pt on input line 24.
LaTeX Font Info:    Font shape `T1/phv/bc/it' in size <10> not available
(Font)              Font shape `T1/phv/bc/sl' tried instead on input line 24.
LaTeX Font Info:    Font shape `T1/phv/bc/sl' will be
(Font)              scaled to size 8.99994pt on input line 24.
 [11])
(./namespace_configuration.tex) (./namespace_motor_unit.tex [12]
Overfull \hbox (59.38217pt too wide) detected at line 81
[]\OML/ztmcm/m/it/10 GC \OT1/ztmcm/m/n/10 = [][]
 []


! LaTeX Error: Environment align undefined.

See the LaTeX manual or LaTeX Companion for explanation.
Type  H <return>  for immediate help.
 ...                                              
                                                  
l.118 \begin{align}
                    k_1 &= f(t,x(t))\\ k_2 &= f(t+\frac{\Delta t}{2}, x(t) +...

Your command was ignored.
Type  I <command> <return>  to replace it with another command,
or  <return>  to continue without it.

! Missing $ inserted.
<inserted text> 
                $
l.118 \begin{align} k_
                      1 &= f(t,x(t))\\ k_2 &= f(t+\frac{\Delta t}{2}, x(t) +...
I've inserted a begin-math/end-math symbol since I think
you left one out. Proceed, with fingers crossed.

! Misplaced alignment tab character &.
l.118 \begin{align} k_1 &
                         = f(t,x(t))\\ k_2 &= f(t+\frac{\Delta t}{2}, x(t) +...
I can't figure out why you would want to use a tab mark
here. If you just want an ampersand, the remedy is
simple: Just type `I\&' now. But if some right brace
up above has ended a previous alignment prematurely,
you're probably due for more error messages, and you
might try typing `S' now just to see what is salvageable.

! Misplaced alignment tab character &.
l.118 \begin{align} k_1 &= f(t,x(t))\\ k_2 &
                                            = f(t+\frac{\Delta t}{2}, x(t) +...
I can't figure out why you would want to use a tab mark
here. If you just want an ampersand, the remedy is
simple: Just type `I\&' now. But if some right brace
up above has ended a previous alignment prematurely,
you're probably due for more error messages, and you
might try typing `S' now just to see what is salvageable.

! Misplaced alignment tab character &.
l.118 ...}, x(t) + \frac{\Delta t}{2}.k_1)\\ k_3 &
                                                  = f(t+\frac{\Delta t}{2}, ...
I can't figure out why you would want to use a tab mark
here. If you just want an ampersand, the remedy is
simple: Just type `I\&' now. But if some right brace
up above has ended a previous alignment prematurely,
you're probably due for more error messages, and you
might try typing `S' now just to see what is salvageable.

! Misplaced alignment tab character &.
l.118 ...}, x(t) + \frac{\Delta t}{2}.k_2)\\ k_4 &
                                                  = f(t+\Delta t, x(t) + \De...
I can't figure out why you would want to use a tab mark
here. If you just want an ampersand, the remedy is
simple: Just type `I\&' now. But if some right brace
up above has ended a previous alignment prematurely,
you're probably due for more error messages, and you
might try typing `S' now just to see what is salvageable.


! LaTeX Error: \begin{document} ended by \end{align}.

See the LaTeX manual or LaTeX Companion for explanation.
Type  H <return>  for immediate help.
 ...                                              
                                                  
l.118 ...Delta t, x(t) + \Delta t.k_3) \end{align}
                                                   where $\Delta t$ is the t...

Your command was ignored.
Type  I <command> <return>  to replace it with another command,
or  <return>  to continue without it.

! Missing $ inserted.
<inserted text> 
                $
l.118 ...Delta t, x(t) + \Delta t.k_3) \end{align}
                                                   where $\Delta t$ is the t...
I've inserted something that you may have forgotten.
(See the <inserted text> above.)
With luck, this will get me unwedged. But if you
really didn't forget anything, try typing `2' now; then
my insertion and my current dilemma will both disappear.

[13]
<namespace_motor_unit_ad34c81597ff5e9cdcf53fd13e78d2d6c_icgraph.pdf, id=1725, 5
52.0625pt x 110.4125pt>
File: namespace_motor_unit_ad34c81597ff5e9cdcf53fd13e78d2d6c_icgraph.pdf Graphi
c file (type pdf)

<use namespace_motor_unit_ad34c81597ff5e9cdcf53fd13e78d2d6c_icgraph.pdf>
Package pdftex.def Info: namespace_motor_unit_ad34c81597ff5e9cdcf53fd13e78d2d6c
_icgraph.pdf used on input line 132.
(pdftex.def)             Requested size: 350.0pt x 70.00331pt.
)
(./namespace_motor_unit_pool.tex
<namespace_motor_unit_pool_a3ed1b9ccd29068fac93964327dd54bf9_icgraph.pdf, id=17
28, 670.505pt x 110.4125pt>
File: namespace_motor_unit_pool_a3ed1b9ccd29068fac93964327dd54bf9_icgraph.pdf G
raphic file (type pdf)

<use namespace_motor_unit_pool_a3ed1b9ccd29068fac93964327dd54bf9_icgraph.pdf>
Package pdftex.def Info: namespace_motor_unit_pool_a3ed1b9ccd29068fac93964327dd
54bf9_icgraph.pdf used on input line 52.
(pdftex.def)             Requested size: 350.0pt x 57.63383pt.

[14 <./namespace_motor_unit_ad34c81597ff5e9cdcf53fd13e78d2d6c_icgraph.pdf>])
(./namespace_neural_tract.tex) (./namespace_neural_tract_unit.tex)
(./namespace_point_process_generator.tex
LaTeX Font Info:    Font shape `T1/phv/bx/it' in size <9> not available
(Font)              Font shape `T1/phv/b/it' tried instead on input line 13.
LaTeX Font Info:    Font shape `T1/phv/b/it' in size <9> not available
(Font)              Font shape `T1/phv/b/sl' tried instead on input line 13.
LaTeX Font Info:    Font shape `T1/phv/b/sl' will be
(Font)              scaled to size 8.09995pt on input line 13.

! Limit controls must follow a math operator.
l.44 ...on} \Gamma = -\frac{1}{\lambda}\ln(\limits
                                                  \prod_{i=1}^{\lambda} U(0,...
I'm ignoring this misplaced \limits or \nolimits command.

[15 <./namespace_motor_unit_pool_a3ed1b9ccd29068fac93964327dd54bf9_icgraph.pdf>
]
<namespace_point_process_generator_ad591b4c4f24356425c2958ea43647ddd_icgraph.pd
f, id=1768, 447.6725pt x 110.4125pt>
File: namespace_point_process_generator_ad591b4c4f24356425c2958ea43647ddd_icgra
ph.pdf Graphic file (type pdf)

<use namespace_point_process_generator_ad591b4c4f24356425c2958ea43647ddd_icgrap
h.pdf>
Package pdftex.def Info: namespace_point_process_generator_ad591b4c4f24356425c2
958ea43647ddd_icgraph.pdf used on input line 54.
(pdftex.def)             Requested size: 350.0pt x 86.32524pt.
) (./namespace_pulse_conductance_state.tex
LaTeX Font Info:    Font shape `T1/phv/m/it' in size <10> not available
(Font)              Font shape `T1/phv/m/sl' tried instead on input line 32.
LaTeX Font Info:    Font shape `T1/phv/m/sl' will be
(Font)              scaled to size 8.99994pt on input line 32.
 [16 <./namespace_point_process_generator_ad591b4c4f24356425c2958ea43647ddd_icg
raph.pdf>])
(./namespacesimulation.tex) (./namespace_synapse.tex [17] [18] [19]
! Limit controls must follow a math operator.
l.224 ...lative to the $G_{max}$ ( $N_{on}=\limits
                                                  \sum_{i=1}g_{i_{on}}/G_{ma...
I'm ignoring this misplaced \limits or \nolimits command.

[20]) (./namespace_synapses_factory.tex [21]) [22]
Chapter 7.
(./class_axon_delay_1_1_axon_delay.tex [23

]
<class_axon_delay_1_1_axon_delay_a5483df94745af77bf54f707f9a05a0e0_cgraph.pdf, 
id=1882, 451.6875pt x 110.4125pt>
File: class_axon_delay_1_1_axon_delay_a5483df94745af77bf54f707f9a05a0e0_cgraph.
pdf Graphic file (type pdf)

<use class_axon_delay_1_1_axon_delay_a5483df94745af77bf54f707f9a05a0e0_cgraph.p
df>
Package pdftex.def Info: class_axon_delay_1_1_axon_delay_a5483df94745af77bf54f7
07f9a05a0e0_cgraph.pdf used on input line 108.
(pdftex.def)             Requested size: 350.0pt x 85.56036pt.

<class_axon_delay_1_1_axon_delay_a49115bea963cde5e2c4317510d73cf7c_icgraph.pdf,
 id=1884, 451.6875pt x 110.4125pt>
File: class_axon_delay_1_1_axon_delay_a49115bea963cde5e2c4317510d73cf7c_icgraph
.pdf Graphic file (type pdf)

<use class_axon_delay_1_1_axon_delay_a49115bea963cde5e2c4317510d73cf7c_icgraph.
pdf>
Package pdftex.def Info: class_axon_delay_1_1_axon_delay_a49115bea963cde5e2c431
7510d73cf7c_icgraph.pdf used on input line 141.
(pdftex.def)             Requested size: 350.0pt x 85.56036pt.
 [24 <./class_axon_delay_1_1_axon_delay_a5483df94745af77bf54f707f9a05a0e0_cgrap
h.pdf>] [25 <./class_axon_delay_1_1_axon_delay_a49115bea963cde5e2c4317510d73cf7
c_icgraph.pdf>]) (./class_channel_conductance_1_1_channel_conductance.tex
LaTeX Font Info:    Font shape `OT1/ptm/bx/n' in size <9> not available
(Font)              Font shape `OT1/ptm/b/n' tried instead on input line 32.
LaTeX Font Info:    Font shape `OT1/ptm/bx/n' in size <7> not available
(Font)              Font shape `OT1/ptm/b/n' tried instead on input line 32.
LaTeX Font Info:    Font shape `OT1/ptm/bx/n' in size <5> not available
(Font)              Font shape `OT1/ptm/b/n' tried instead on input line 32.

[26]
! Undefined control sequence.
<recently read> \text 
                      
l.71 ...rtment that the Channel belongs, in $\text
                                                  {cm}^2$.
The control sequence at the end of the top line
of your error message was never \def'ed. If you have
misspelled it (e.g., `\hobx'), type `I' and the correct
spelling (e.g., `I\hbox'). Otherwise just continue,
and I'll forget about whatever was undefined.

[27] [28]) (./class_compartment_1_1_compartment.tex [29] [30] [31])
(./class_configuration_1_1_configuration.tex [32] [33] [34])
(./class_motor_unit_1_1_motor_unit.tex [35] [36]
<class_motor_unit_1_1_motor_unit_accb8b6700ed06e1396b70af62a9f31c6_icgraph.pdf,
 id=2113, 588.1975pt x 110.4125pt>
File: class_motor_unit_1_1_motor_unit_accb8b6700ed06e1396b70af62a9f31c6_icgraph
.pdf Graphic file (type pdf)

<use class_motor_unit_1_1_motor_unit_accb8b6700ed06e1396b70af62a9f31c6_icgraph.
pdf>
Package pdftex.def Info: class_motor_unit_1_1_motor_unit_accb8b6700ed06e1396b70
af62a9f31c6_icgraph.pdf used on input line 142.
(pdftex.def)             Requested size: 350.0pt x 65.70045pt.

<class_motor_unit_1_1_motor_unit_ae4093022b48cee82d78c99ecc24cb247_cgraph.pdf, 
id=2114, 409.53pt x 187.70125pt>
File: class_motor_unit_1_1_motor_unit_ae4093022b48cee82d78c99ecc24cb247_cgraph.
pdf Graphic file (type pdf)

<use class_motor_unit_1_1_motor_unit_ae4093022b48cee82d78c99ecc24cb247_cgraph.p
df>
Package pdftex.def Info: class_motor_unit_1_1_motor_unit_ae4093022b48cee82d78c9
9ecc24cb247_cgraph.pdf used on input line 175.
(pdftex.def)             Requested size: 350.0pt x 160.42609pt.

<class_motor_unit_1_1_motor_unit_ae4093022b48cee82d78c99ecc24cb247_icgraph.pdf,
 id=2115, 401.5pt x 110.4125pt>
File: class_motor_unit_1_1_motor_unit_ae4093022b48cee82d78c99ecc24cb247_icgraph
.pdf Graphic file (type pdf)

<use class_motor_unit_1_1_motor_unit_ae4093022b48cee82d78c99ecc24cb247_icgraph.
pdf>
Package pdftex.def Info: class_motor_unit_1_1_motor_unit_ae4093022b48cee82d78c9
9ecc24cb247_icgraph.pdf used on input line 186.
(pdftex.def)             Requested size: 350.0pt x 96.25688pt.

Underfull \vbox (badness 3646) has occurred while \output is active []

 [37 <./class_motor_unit_1_1_motor_unit_accb8b6700ed06e1396b70af62a9f31c6_icgra
ph.pdf> <./class_motor_unit_1_1_motor_unit_ae4093022b48cee82d78c99ecc24cb247_cg
raph.pdf

pdfTeX warning: /usr/bin/pdflatex (file ./class_motor_unit_1_1_motor_unit_ae409
3022b48cee82d78c99ecc24cb247_cgraph.pdf): PDF inclusion: multiple pdfs with pag
e group included in a single page
>]
<class_motor_unit_1_1_motor_unit_af9ed66e359c4402ae951d79d5264f566_icgraph.pdf,
 id=2131, 401.5pt x 110.4125pt>
File: class_motor_unit_1_1_motor_unit_af9ed66e359c4402ae951d79d5264f566_icgraph
.pdf Graphic file (type pdf)

<use class_motor_unit_1_1_motor_unit_af9ed66e359c4402ae951d79d5264f566_icgraph.
pdf>
Package pdftex.def Info: class_motor_unit_1_1_motor_unit_af9ed66e359c4402ae951d
79d5264f566_icgraph.pdf used on input line 219.
(pdftex.def)             Requested size: 350.0pt x 96.25688pt.

<class_motor_unit_1_1_motor_unit_a1239418d3f8428a663ff99061710460f_cgraph.pdf, 
id=2132, 588.1975pt x 192.72pt>
File: class_motor_unit_1_1_motor_unit_a1239418d3f8428a663ff99061710460f_cgraph.
pdf Graphic file (type pdf)

<use class_motor_unit_1_1_motor_unit_a1239418d3f8428a663ff99061710460f_cgraph.p
df>
Package pdftex.def Info: class_motor_unit_1_1_motor_unit_a1239418d3f8428a663ff9
9061710460f_cgraph.pdf used on input line 252.
(pdftex.def)             Requested size: 350.0pt x 114.67715pt.
 [38 <./class_motor_unit_1_1_motor_unit_ae4093022b48cee82d78c99ecc24cb247_icgra
ph.pdf> <./class_motor_unit_1_1_motor_unit_af9ed66e359c4402ae951d79d5264f566_ic
graph.pdf

pdfTeX warning: /usr/bin/pdflatex (file ./class_motor_unit_1_1_motor_unit_af9ed
66e359c4402ae951d79d5264f566_icgraph.pdf): PDF inclusion: multiple pdfs with pa
ge group included in a single page
> <./class_motor_unit_1_1_motor_unit_a1239418d3f8428a663ff99061710460f_cgraph.p
df

pdfTeX warning: /usr/bin/pdflatex (file ./class_motor_unit_1_1_motor_unit_a1239
418d3f8428a663ff99061710460f_cgraph.pdf): PDF inclusion: multiple pdfs with pag
e group included in a single page
>]
<class_motor_unit_1_1_motor_unit_af694436ac5bd3194cfcbe42b8a60180d_icgraph.pdf,
 id=2153, 566.115pt x 110.4125pt>
File: class_motor_unit_1_1_motor_unit_af694436ac5bd3194cfcbe42b8a60180d_icgraph
.pdf Graphic file (type pdf)

<use class_motor_unit_1_1_motor_unit_af694436ac5bd3194cfcbe42b8a60180d_icgraph.
pdf>
Package pdftex.def Info: class_motor_unit_1_1_motor_unit_af694436ac5bd3194cfcbe
42b8a60180d_icgraph.pdf used on input line 287.
(pdftex.def)             Requested size: 350.0pt x 68.26465pt.
 [39 <./class_motor_unit_1_1_motor_unit_af694436ac5bd3194cfcbe42b8a60180d_icgra
ph.pdf>] [40]) (./class_motor_unit_pool_1_1_motor_unit_pool.tex [41]
[42]
<class_motor_unit_pool_1_1_motor_unit_pool_a03b7c1202f680bd8ba3af9b0b06bd71c_cg
raph.pdf, id=2237, 451.6875pt x 110.4125pt>
File: class_motor_unit_pool_1_1_motor_unit_pool_a03b7c1202f680bd8ba3af9b0b06bd7
1c_cgraph.pdf Graphic file (type pdf)

<use class_motor_unit_pool_1_1_motor_unit_pool_a03b7c1202f680bd8ba3af9b0b06bd71
c_cgraph.pdf>
Package pdftex.def Info: class_motor_unit_pool_1_1_motor_unit_pool_a03b7c1202f6
80bd8ba3af9b0b06bd71c_cgraph.pdf used on input line 122.
(pdftex.def)             Requested size: 350.0pt x 85.56036pt.

<class_motor_unit_pool_1_1_motor_unit_pool_a03b7c1202f680bd8ba3af9b0b06bd71c_ic
graph.pdf, id=2238, 481.8pt x 110.4125pt>
File: class_motor_unit_pool_1_1_motor_unit_pool_a03b7c1202f680bd8ba3af9b0b06bd7
1c_icgraph.pdf Graphic file (type pdf)

<use class_motor_unit_pool_1_1_motor_unit_pool_a03b7c1202f680bd8ba3af9b0b06bd71
c_icgraph.pdf>
Package pdftex.def Info: class_motor_unit_pool_1_1_motor_unit_pool_a03b7c1202f6
80bd8ba3af9b0b06bd71c_icgraph.pdf used on input line 133.
(pdftex.def)             Requested size: 350.0pt x 80.20958pt.

<class_motor_unit_pool_1_1_motor_unit_pool_ae525c6bba27837f09d2a767544780b0f_cg
raph.pdf, id=2239, 670.505pt x 110.4125pt>
File: class_motor_unit_pool_1_1_motor_unit_pool_ae525c6bba27837f09d2a767544780b
0f_cgraph.pdf Graphic file (type pdf)

<use class_motor_unit_pool_1_1_motor_unit_pool_ae525c6bba27837f09d2a767544780b0
f_cgraph.pdf>
Package pdftex.def Info: class_motor_unit_pool_1_1_motor_unit_pool_ae525c6bba27
837f09d2a767544780b0f_cgraph.pdf used on input line 171.
(pdftex.def)             Requested size: 350.0pt x 57.63383pt.
 [43 <./class_motor_unit_pool_1_1_motor_unit_pool_a03b7c1202f680bd8ba3af9b0b06b
d71c_cgraph.pdf> <./class_motor_unit_pool_1_1_motor_unit_pool_a03b7c1202f680bd8
ba3af9b0b06bd71c_icgraph.pdf

pdfTeX warning: /usr/bin/pdflatex (file ./class_motor_unit_pool_1_1_motor_unit_
pool_a03b7c1202f680bd8ba3af9b0b06bd71c_icgraph.pdf): PDF inclusion: multiple pd
fs with page group included in a single page
>] [44 <./class_motor_unit_pool_1_1_motor_unit_pool_ae525c6bba27837f09d2a767544
780b0f_cgraph.pdf>] [45]) (./class_neural_tract_1_1_neural_tract.tex [46])
(./class_neural_tract_unit_1_1_neural_tract_unit.tex [47]
<class_neural_tract_unit_1_1_neural_tract_unit_aaa36d43c7f4d1664696922e731f9e14
a_cgraph.pdf, id=2316, 397.485pt x 110.4125pt>
File: class_neural_tract_unit_1_1_neural_tract_unit_aaa36d43c7f4d1664696922e731
f9e14a_cgraph.pdf Graphic file (type pdf)

<use class_neural_tract_unit_1_1_neural_tract_unit_aaa36d43c7f4d1664696922e731f
9e14a_cgraph.pdf>
Package pdftex.def Info: class_neural_tract_unit_1_1_neural_tract_unit_aaa36d43
c7f4d1664696922e731f9e14a_cgraph.pdf used on input line 83.
(pdftex.def)             Requested size: 350.0pt x 97.22562pt.
 [48 <./class_neural_tract_unit_1_1_neural_tract_unit_aaa36d43c7f4d1664696922e7
31f9e14a_cgraph.pdf>]
<class_neural_tract_unit_1_1_neural_tract_unit_a1c44e3b23ebda745d84d88c015c1cb2
5_icgraph.pdf, id=2338, 397.485pt x 110.4125pt>
File: class_neural_tract_unit_1_1_neural_tract_unit_a1c44e3b23ebda745d84d88c015
c1cb25_icgraph.pdf Graphic file (type pdf)

<use class_neural_tract_unit_1_1_neural_tract_unit_a1c44e3b23ebda745d84d88c015c
1cb25_icgraph.pdf>
Package pdftex.def Info: class_neural_tract_unit_1_1_neural_tract_unit_a1c44e3b
23ebda745d84d88c015c1cb25_icgraph.pdf used on input line 106.
(pdftex.def)             Requested size: 350.0pt x 97.22562pt.
)
(./class_point_process_generator_1_1_point_process_generator.tex [49 <./class_n
eural_tract_unit_1_1_neural_tract_unit_a1c44e3b23ebda745d84d88c015c1cb25_icgrap
h.pdf>]
<class_point_process_generator_1_1_point_process_generator_a9e80adf5fea28ec4adb
90489f0c42670_cgraph.pdf, id=2359, 447.6725pt x 110.4125pt>
File: class_point_process_generator_1_1_point_process_generator_a9e80adf5fea28e
c4adb90489f0c42670_cgraph.pdf Graphic file (type pdf)

<use class_point_process_generator_1_1_point_process_generator_a9e80adf5fea28ec
4adb90489f0c42670_cgraph.pdf>
Package pdftex.def Info: class_point_process_generator_1_1_point_process_genera
tor_a9e80adf5fea28ec4adb90489f0c42670_cgraph.pdf used on input line 94.
(pdftex.def)             Requested size: 350.0pt x 86.32524pt.
 [50] [51 <./class_point_process_generator_1_1_point_process_generator_a9e80adf
5fea28ec4adb90489f0c42670_cgraph.pdf>])
(./class_pulse_conductance_state_1_1_pulse_conductance_state.tex [52]
<class_pulse_conductance_state_1_1_pulse_conductance_state_ac1ee5a9b9dc0ad6aa8e
86052aa17268f_icgraph.pdf, id=2422, 459.7175pt x 110.4125pt>
File: class_pulse_conductance_state_1_1_pulse_conductance_state_ac1ee5a9b9dc0ad
6aa8e86052aa17268f_icgraph.pdf Graphic file (type pdf)

<use class_pulse_conductance_state_1_1_pulse_conductance_state_ac1ee5a9b9dc0ad6
aa8e86052aa17268f_icgraph.pdf>
Package pdftex.def Info: class_pulse_conductance_state_1_1_pulse_conductance_st
ate_ac1ee5a9b9dc0ad6aa8e86052aa17268f_icgraph.pdf used on input line 103.
(pdftex.def)             Requested size: 350.0pt x 84.06598pt.

<class_pulse_conductance_state_1_1_pulse_conductance_state_ae81d1a5bbbf4fd80db0
ded06631bd9c2_cgraph.pdf, id=2423, 459.7175pt x 110.4125pt>
File: class_pulse_conductance_state_1_1_pulse_conductance_state_ae81d1a5bbbf4fd
80db0ded06631bd9c2_cgraph.pdf Graphic file (type pdf)

<use class_pulse_conductance_state_1_1_pulse_conductance_state_ae81d1a5bbbf4fd8
0db0ded06631bd9c2_cgraph.pdf>
Package pdftex.def Info: class_pulse_conductance_state_1_1_pulse_conductance_st
ate_ae81d1a5bbbf4fd80db0ded06631bd9c2_cgraph.pdf used on input line 136.
(pdftex.def)             Requested size: 350.0pt x 84.06598pt.
 [53 <./class_pulse_conductance_state_1_1_pulse_conductance_state_ac1ee5a9b9dc0
ad6aa8e86052aa17268f_icgraph.pdf> <./class_pulse_conductance_state_1_1_pulse_co
nductance_state_ae81d1a5bbbf4fd80db0ded06631bd9c2_cgraph.pdf

pdfTeX warning: /usr/bin/pdflatex (file ./class_pulse_conductance_state_1_1_pul
se_conductance_state_ae81d1a5bbbf4fd80db0ded06631bd9c2_cgraph.pdf): PDF inclusi
on: multiple pdfs with page group included in a single page
>]) (./class_synapse_1_1_synapse.tex [54]
! Limit controls must follow a math operator.
l.40 ...ompartment, in $\mu$S ( $G_{max} = \limits
                                                  \sum_{i=1}^Ng_i$). \end{Do...
I'm ignoring this misplaced \limits or \nolimits command.

[55] [56]
! Limit controls must follow a math operator.
l.179 ...mpartment, in $\mu$S ( $G_{max} = \limits
                                                  \sum_{i=1}^Ng_i$).
I'm ignoring this misplaced \limits or \nolimits command.

[57]) (./class_synapses_factory_1_1_synapses_factory.tex [58]) [59] [60

]
Chapter 8.
(./_axon_delay_8py.tex) (./_channel_conductance_8py.tex)
(./_compartment_8py.tex [61]) (./_configuration_8py.tex) (./_motor_unit_8py.tex
) (./_motor_unit_pool_8py.tex [62]) (./_neural_tract_8py.tex)
(./_neural_tract_unit_8py.tex) (./_point_process_generator_8py.tex)
(./_pulse_conductance_state_8py.tex [63]) (./simulation_8py.tex)
(./_synapse_8py.tex [64]) (./_synapses_factory_8py.tex) [65] (./refman.ind
Underfull \hbox (badness 10000) in paragraph at lines 20--22
[]| \T1/phv/m/n/10 Point-Process-Generator-::-Point-Process-Generator,
 []


Underfull \hbox (badness 10000) in paragraph at lines 22--24
[]| \T1/phv/m/n/10 Pulse-Conductance-State-::-Pulse-Conductance-State,
 []


Underfull \hbox (badness 10000) in paragraph at lines 35--37
[]| \T1/phv/m/n/10 Pulse-Conductance-State-::-Pulse-Conductance-State,
 []


Underfull \hbox (badness 10000) in paragraph at lines 59--61
[]| \T1/phv/m/n/10 Pulse-Conductance-State-::-Pulse-Conductance-State,
 []


Underfull \hbox (badness 10000) in paragraph at lines 85--87
[]| \T1/phv/m/n/10 Point-Process-Generator-::-Point-Process-Generator,
 []


Underfull \hbox (badness 10000) in paragraph at lines 135--137
[]| \T1/phv/m/n/10 Pulse-Conductance-State-::-Pulse-Conductance-State,
 []


Underfull \hbox (badness 10000) in paragraph at lines 153--155
[]| \T1/phv/m/n/10 Pulse-Conductance-State-::-Pulse-Conductance-State,
 []

[66

]
Underfull \hbox (badness 10000) in paragraph at lines 272--274
[]| \T1/phv/m/n/10 Pulse-Conductance-State-::-Pulse-Conductance-State,
 []


Underfull \hbox (badness 10000) in paragraph at lines 275--277
[]| \T1/phv/m/n/10 Pulse-Conductance-State-::-Pulse-Conductance-State,
 []


Underfull \hbox (badness 10000) in paragraph at lines 278--280
[]| \T1/phv/m/n/10 Pulse-Conductance-State-::-Pulse-Conductance-State,
 []

[67]
Underfull \hbox (badness 10000) in paragraph at lines 373--375
[]| \T1/phv/m/n/10 Point-Process-Generator-::-Point-Process-Generator,
 []


Underfull \hbox (badness 10000) in paragraph at lines 376--378
[]| \T1/phv/m/n/10 Point-Process-Generator-::-Point-Process-Generator,
 []


Underfull \hbox (badness 10000) in paragraph at lines 408--410
[]| \T1/phv/m/n/10 Point-Process-Generator-::-Point-Process-Generator,
 []


Underfull \hbox (badness 10000) in paragraph at lines 430--432
[]| \T1/phv/m/n/10 Pulse-Conductance-State-::-Pulse-Conductance-State,
 []

[68]
Underfull \hbox (badness 10000) in paragraph at lines 659--661
[]| \T1/phv/m/n/10 Point-Process-Generator-::-Point-Process-Generator,
 []

[69]
Underfull \hbox (badness 10000) in paragraph at lines 709--711
[]| \T1/phv/m/n/10 Pulse-Conductance-State-::-Pulse-Conductance-State,
 []


Underfull \hbox (badness 10000) in paragraph at lines 776--778
[]| \T1/phv/m/n/10 Pulse-Conductance-State-::-Pulse-Conductance-State,
 []

[70]
Underfull \hbox (badness 10000) in paragraph at lines 904--906
[]| \T1/phv/m/n/10 Pulse-Conductance-State-::-Pulse-Conductance-State,
 []


Underfull \hbox (badness 10000) in paragraph at lines 937--939
[]| \T1/phv/m/n/10 Point-Process-Generator-::-Point-Process-Generator,
 []


Underfull \hbox (badness 10000) in paragraph at lines 997--999
[]| \T1/phv/m/n/10 Pulse-Conductance-State-::-Pulse-Conductance-State,
 []


Underfull \hbox (badness 10000) in paragraph at lines 1003--1005
[]| \T1/phv/m/n/10 Pulse-Conductance-State-::-Pulse-Conductance-State,
 []


Underfull \hbox (badness 10000) in paragraph at lines 1012--1014
[]| \T1/phv/m/n/10 Point-Process-Generator-::-Point-Process-Generator,
 []

[71])
Package atveryend Info: Empty hook `BeforeClearDocument' on input line 192.
Package atveryend Info: Empty hook `AfterLastShipout' on input line 192.
 (./refman.aux)
Package atveryend Info: Executing hook `AtVeryEndDocument' on input line 192.
Package atveryend Info: Executing hook `AtEndAfterFileList' on input line 192.
Package rerunfilecheck Info: File `refman.out' has not changed.
(rerunfilecheck)             Checksum: 63D59CAA50903E36C14A0AAB9C1132B4;45164.
Package atveryend Info: Empty hook `AtVeryVeryEnd' on input line 192.
 ) 
Here is how much of TeX's memory you used:
 13554 strings out of 493304
 220076 string characters out of 6139871
 270999 words of memory out of 5000000
 15990 multiletter control sequences out of 15000+600000
 95589 words of font info for 138 fonts, out of 8000000 for 9000
 957 hyphenation exceptions out of 8191
 48i,13n,43p,1047b,522s stack positions out of 5000i,500n,10000p,200000b,80000s
{/usr/share/texlive/texmf-dist/fonts/enc/dvips/base/8r.enc}</usr/share/texliv
e/texmf-dist/fonts/type1/public/amsfonts/cm/cmex10.pfb></usr/share/texlive/texm
f-dist/fonts/type1/public/amsfonts/cm/cmmi10.pfb></usr/share/texlive/texmf-dist
/fonts/type1/public/amsfonts/cm/cmr10.pfb></usr/share/texlive/texmf-dist/fonts/
type1/public/amsfonts/cm/cmsy10.pfb></usr/share/texlive/texmf-dist/fonts/type1/
urw/courier/ucrr8a.pfb></usr/share/texlive/texmf-dist/fonts/type1/urw/helvetic/
uhvb8a.pfb></usr/share/texlive/texmf-dist/fonts/type1/urw/helvetic/uhvb8ac.pfb>
</usr/share/texlive/texmf-dist/fonts/type1/urw/helvetic/uhvbo8a.pfb></usr/share
/texlive/texmf-dist/fonts/type1/urw/helvetic/uhvbo8ac.pfb></usr/share/texlive/t
exmf-dist/fonts/type1/urw/helvetic/uhvr8a.pfb></usr/share/texlive/texmf-dist/fo
nts/type1/urw/helvetic/uhvro8a.pfb></usr/share/texlive/texmf-dist/fonts/type1/u
rw/symbol/usyr.pfb></usr/share/texlive/texmf-dist/fonts/type1/urw/symbol/usyr.p
fb></usr/share/texlive/texmf-dist/fonts/type1/urw/times/utmr8a.pfb></usr/share/
texlive/texmf-dist/fonts/type1/urw/times/utmri8a.pfb>
Output written on refman.pdf (81 pages, 374708 bytes).
PDF statistics:
 3317 PDF objects out of 3580 (max. 8388607)
 3149 compressed objects within 32 object streams
 686 named destinations out of 1000 (max. 500000)
 2424 words of extra memory for PDF output out of 10000 (max. 10000000)

