\BOOKMARK [0][-]{chapter.1}{\376\377\0001\000\040\000R\000e\000M\000o\000t\000o\000\040\000i\000n\000\040\000P\000y\000t\000h\000o\000n}{}% 1
\BOOKMARK [0][-]{chapter.2}{\376\377\0002\000\040\000N\000a\000m\000e\000s\000p\000a\000c\000e\000\040\000I\000n\000d\000e\000x}{}% 2
\BOOKMARK [1][-]{section.2.1}{\376\377\0002\000.\0001\000\040\000P\000a\000c\000k\000a\000g\000e\000s}{chapter.2}% 3
\BOOKMARK [0][-]{chapter.3}{\376\377\0003\000\040\000H\000i\000e\000r\000a\000r\000c\000h\000i\000c\000a\000l\000\040\000I\000n\000d\000e\000x}{}% 4
\BOOKMARK [1][-]{section.3.1}{\376\377\0003\000.\0001\000\040\000C\000l\000a\000s\000s\000\040\000H\000i\000e\000r\000a\000r\000c\000h\000y}{chapter.3}% 5
\BOOKMARK [0][-]{chapter.4}{\376\377\0004\000\040\000C\000l\000a\000s\000s\000\040\000I\000n\000d\000e\000x}{}% 6
\BOOKMARK [1][-]{section.4.1}{\376\377\0004\000.\0001\000\040\000C\000l\000a\000s\000s\000\040\000L\000i\000s\000t}{chapter.4}% 7
\BOOKMARK [0][-]{chapter.5}{\376\377\0005\000\040\000F\000i\000l\000e\000\040\000I\000n\000d\000e\000x}{}% 8
\BOOKMARK [1][-]{section.5.1}{\376\377\0005\000.\0001\000\040\000F\000i\000l\000e\000\040\000L\000i\000s\000t}{chapter.5}% 9
\BOOKMARK [0][-]{chapter.6}{\376\377\0006\000\040\000N\000a\000m\000e\000s\000p\000a\000c\000e\000\040\000D\000o\000c\000u\000m\000e\000n\000t\000a\000t\000i\000o\000n}{}% 10
\BOOKMARK [1][-]{section.6.1}{\376\377\0006\000.\0001\000\040\000A\000x\000o\000n\000D\000e\000l\000a\000y\000\040\000N\000a\000m\000e\000s\000p\000a\000c\000e\000\040\000R\000e\000f\000e\000r\000e\000n\000c\000e}{chapter.6}% 11
\BOOKMARK [1][-]{section.6.2}{\376\377\0006\000.\0002\000\040\000C\000h\000a\000n\000n\000e\000l\000C\000o\000n\000d\000u\000c\000t\000a\000n\000c\000e\000\040\000N\000a\000m\000e\000s\000p\000a\000c\000e\000\040\000R\000e\000f\000e\000r\000e\000n\000c\000e}{chapter.6}% 12
\BOOKMARK [1][-]{section.6.3}{\376\377\0006\000.\0003\000\040\000C\000o\000m\000p\000a\000r\000t\000m\000e\000n\000t\000\040\000N\000a\000m\000e\000s\000p\000a\000c\000e\000\040\000R\000e\000f\000e\000r\000e\000n\000c\000e}{chapter.6}% 13
\BOOKMARK [2][-]{subsection.6.3.1}{\376\377\0006\000.\0003\000.\0001\000\040\000F\000u\000n\000c\000t\000i\000o\000n\000\040\000D\000o\000c\000u\000m\000e\000n\000t\000a\000t\000i\000o\000n}{section.6.3}% 14
\BOOKMARK [3][-]{subsubsection.6.3.1.1}{\376\377\0006\000.\0003\000.\0001\000.\0001\000\040\000c\000a\000l\000c\000G\000L\000e\000a\000k\000\050\000a\000r\000e\000a\000,\000\040\000s\000p\000e\000c\000i\000f\000i\000c\000R\000e\000s\000\051}{subsection.6.3.1}% 15
\BOOKMARK [1][-]{section.6.4}{\376\377\0006\000.\0004\000\040\000C\000o\000n\000f\000i\000g\000u\000r\000a\000t\000i\000o\000n\000\040\000N\000a\000m\000e\000s\000p\000a\000c\000e\000\040\000R\000e\000f\000e\000r\000e\000n\000c\000e}{chapter.6}% 16
\BOOKMARK [1][-]{section.6.5}{\376\377\0006\000.\0005\000\040\000M\000o\000t\000o\000r\000U\000n\000i\000t\000\040\000N\000a\000m\000e\000s\000p\000a\000c\000e\000\040\000R\000e\000f\000e\000r\000e\000n\000c\000e}{chapter.6}% 17
\BOOKMARK [2][-]{subsection.6.5.1}{\376\377\0006\000.\0005\000.\0001\000\040\000F\000u\000n\000c\000t\000i\000o\000n\000\040\000D\000o\000c\000u\000m\000e\000n\000t\000a\000t\000i\000o\000n}{section.6.5}% 18
\BOOKMARK [3][-]{subsubsection.6.5.1.1}{\376\377\0006\000.\0005\000.\0001\000.\0001\000\040\000c\000a\000l\000c\000G\000C\000o\000u\000p\000l\000i\000n\000g\000\050\000c\000y\000t\000R\000,\000\040\000l\000C\000o\000m\000p\0001\000,\000\040\000l\000C\000o\000m\000p\0002\000,\000\040\000d\000C\000o\000m\000p\0001\000,\000\040\000d\000C\000o\000m\000p\0002\000\051}{subsection.6.5.1}% 19
\BOOKMARK [3][-]{subsubsection.6.5.1.2}{\376\377\0006\000.\0005\000.\0001\000.\0002\000\040\000c\000o\000m\000p\000G\000C\000o\000u\000p\000l\000i\000n\000g\000M\000a\000t\000r\000i\000x\000\050\000g\000c\000\051}{subsection.6.5.1}% 20
\BOOKMARK [3][-]{subsubsection.6.5.1.3}{\376\377\0006\000.\0005\000.\0001\000.\0003\000\040\000r\000u\000n\000g\000e\000k\000u\000t\000t\000a\000\050\000d\000e\000r\000i\000v\000a\000t\000i\000v\000e\000F\000u\000n\000c\000t\000i\000o\000n\000,\000\040\000t\000,\000\040\000x\000,\000\040\000t\000i\000m\000e\000S\000t\000e\000p\000,\000\040\000t\000i\000m\000e\000S\000t\000e\000p\000B\000y\000T\000w\000o\000,\000\040\000t\000i\000m\000e\000S\000t\000e\000p\000B\000y\000S\000i\000x\000\051}{subsection.6.5.1}% 21
\BOOKMARK [1][-]{section.6.6}{\376\377\0006\000.\0006\000\040\000M\000o\000t\000o\000r\000U\000n\000i\000t\000P\000o\000o\000l\000\040\000N\000a\000m\000e\000s\000p\000a\000c\000e\000\040\000R\000e\000f\000e\000r\000e\000n\000c\000e}{chapter.6}% 22
\BOOKMARK [2][-]{subsection.6.6.1}{\376\377\0006\000.\0006\000.\0001\000\040\000F\000u\000n\000c\000t\000i\000o\000n\000\040\000D\000o\000c\000u\000m\000e\000n\000t\000a\000t\000i\000o\000n}{section.6.6}% 23
\BOOKMARK [3][-]{subsubsection.6.6.1.1}{\376\377\0006\000.\0006\000.\0001\000.\0001\000\040\000t\000w\000i\000t\000c\000h\000S\000a\000t\000u\000r\000a\000t\000i\000o\000n\000\050\000a\000c\000t\000i\000v\000a\000t\000i\000o\000n\000s\000a\000t\000,\000\040\000b\000\051}{subsection.6.6.1}% 24
\BOOKMARK [1][-]{section.6.7}{\376\377\0006\000.\0007\000\040\000N\000e\000u\000r\000a\000l\000T\000r\000a\000c\000t\000\040\000N\000a\000m\000e\000s\000p\000a\000c\000e\000\040\000R\000e\000f\000e\000r\000e\000n\000c\000e}{chapter.6}% 25
\BOOKMARK [1][-]{section.6.8}{\376\377\0006\000.\0008\000\040\000N\000e\000u\000r\000a\000l\000T\000r\000a\000c\000t\000U\000n\000i\000t\000\040\000N\000a\000m\000e\000s\000p\000a\000c\000e\000\040\000R\000e\000f\000e\000r\000e\000n\000c\000e}{chapter.6}% 26
\BOOKMARK [1][-]{section.6.9}{\376\377\0006\000.\0009\000\040\000P\000o\000i\000n\000t\000P\000r\000o\000c\000e\000s\000s\000G\000e\000n\000e\000r\000a\000t\000o\000r\000\040\000N\000a\000m\000e\000s\000p\000a\000c\000e\000\040\000R\000e\000f\000e\000r\000e\000n\000c\000e}{chapter.6}% 27
\BOOKMARK [2][-]{subsection.6.9.1}{\376\377\0006\000.\0009\000.\0001\000\040\000F\000u\000n\000c\000t\000i\000o\000n\000\040\000D\000o\000c\000u\000m\000e\000n\000t\000a\000t\000i\000o\000n}{section.6.9}% 28
\BOOKMARK [3][-]{subsubsection.6.9.1.1}{\376\377\0006\000.\0009\000.\0001\000.\0001\000\040\000g\000a\000m\000m\000a\000P\000o\000i\000n\000t\000\050\000G\000a\000m\000m\000a\000O\000r\000d\000e\000r\000,\000\040\000G\000a\000m\000m\000a\000O\000r\000d\000e\000r\000I\000n\000v\000\051}{subsection.6.9.1}% 29
\BOOKMARK [1][-]{section.6.10}{\376\377\0006\000.\0001\0000\000\040\000P\000u\000l\000s\000e\000C\000o\000n\000d\000u\000c\000t\000a\000n\000c\000e\000S\000t\000a\000t\000e\000\040\000N\000a\000m\000e\000s\000p\000a\000c\000e\000\040\000R\000e\000f\000e\000r\000e\000n\000c\000e}{chapter.6}% 30
\BOOKMARK [2][-]{subsection.6.10.1}{\376\377\0006\000.\0001\0000\000.\0001\000\040\000F\000u\000n\000c\000t\000i\000o\000n\000\040\000D\000o\000c\000u\000m\000e\000n\000t\000a\000t\000i\000o\000n}{section.6.10}% 31
\BOOKMARK [3][-]{subsubsection.6.10.1.1}{\376\377\0006\000.\0001\0000\000.\0001\000.\0001\000\040\000c\000o\000m\000p\000V\000a\000l\000O\000f\000f\000\050\000v\0000\000,\000\040\000a\000l\000p\000h\000a\000,\000\040\000b\000e\000t\000a\000,\000\040\000t\000,\000\040\000t\0000\000\051}{subsection.6.10.1}% 32
\BOOKMARK [3][-]{subsubsection.6.10.1.2}{\376\377\0006\000.\0001\0000\000.\0001\000.\0002\000\040\000c\000o\000m\000p\000V\000a\000l\000O\000n\000\050\000v\0000\000,\000\040\000a\000l\000p\000h\000a\000,\000\040\000b\000e\000t\000a\000,\000\040\000t\000,\000\040\000t\0000\000\051}{subsection.6.10.1}% 33
\BOOKMARK [1][-]{section.6.11}{\376\377\0006\000.\0001\0001\000\040\000s\000i\000m\000u\000l\000a\000t\000i\000o\000n\000\040\000N\000a\000m\000e\000s\000p\000a\000c\000e\000\040\000R\000e\000f\000e\000r\000e\000n\000c\000e}{chapter.6}% 34
\BOOKMARK [2][-]{subsection.6.11.1}{\376\377\0006\000.\0001\0001\000.\0001\000\040\000F\000u\000n\000c\000t\000i\000o\000n\000\040\000D\000o\000c\000u\000m\000e\000n\000t\000a\000t\000i\000o\000n}{section.6.11}% 35
\BOOKMARK [3][-]{subsubsection.6.11.1.1}{\376\377\0006\000.\0001\0001\000.\0001\000.\0001\000\040\000s\000i\000m\000u\000l\000a\000d\000o\000r\000\050\000\051}{subsection.6.11.1}% 36
\BOOKMARK [1][-]{section.6.12}{\376\377\0006\000.\0001\0002\000\040\000S\000y\000n\000a\000p\000s\000e\000\040\000N\000a\000m\000e\000s\000p\000a\000c\000e\000\040\000R\000e\000f\000e\000r\000e\000n\000c\000e}{chapter.6}% 37
\BOOKMARK [2][-]{subsection.6.12.1}{\376\377\0006\000.\0001\0002\000.\0001\000\040\000F\000u\000n\000c\000t\000i\000o\000n\000\040\000D\000o\000c\000u\000m\000e\000n\000t\000a\000t\000i\000o\000n}{section.6.12}% 38
\BOOKMARK [3][-]{subsubsection.6.12.1.1}{\376\377\0006\000.\0001\0002\000.\0001\000.\0001\000\040\000c\000o\000m\000p\000R\000i\000S\000t\000a\000r\000t\000\050\000r\000i\000,\000\040\000t\000,\000\040\000t\000i\000,\000\040\000t\000P\000e\000a\000k\000,\000\040\000t\000a\000u\000O\000f\000f\000\051}{subsection.6.12.1}% 39
\BOOKMARK [3][-]{subsubsection.6.12.1.2}{\376\377\0006\000.\0001\0002\000.\0001\000.\0002\000\040\000c\000o\000m\000p\000R\000i\000S\000t\000o\000p\000\050\000r\000I\000n\000f\000,\000\040\000r\000i\000,\000\040\000e\000x\000p\000F\000i\000n\000i\000s\000h\000\051}{subsection.6.12.1}% 40
\BOOKMARK [3][-]{subsubsection.6.12.1.3}{\376\377\0006\000.\0001\0002\000.\0001\000.\0003\000\040\000c\000o\000m\000p\000R\000o\000f\000f\000\050\000R\000o\000f\000f\000,\000\040\000t\0000\000,\000\040\000t\000,\000\040\000t\000a\000u\000O\000f\000f\000\051}{subsection.6.12.1}% 41
\BOOKMARK [3][-]{subsubsection.6.12.1.4}{\376\377\0006\000.\0001\0002\000.\0001\000.\0004\000\040\000c\000o\000m\000p\000R\000o\000f\000f\000S\000t\000a\000r\000t\000\050\000R\000o\000f\000f\000,\000\040\000r\000i\000,\000\040\000s\000y\000n\000C\000o\000n\000t\000r\000i\000b\000\051}{subsection.6.12.1}% 42
\BOOKMARK [3][-]{subsubsection.6.12.1.5}{\376\377\0006\000.\0001\0002\000.\0001\000.\0005\000\040\000c\000o\000m\000p\000R\000o\000f\000f\000S\000t\000o\000p\000\050\000R\000o\000f\000f\000,\000\040\000r\000i\000,\000\040\000s\000y\000n\000C\000o\000n\000t\000r\000i\000b\000\051}{subsection.6.12.1}% 43
\BOOKMARK [3][-]{subsubsection.6.12.1.6}{\376\377\0006\000.\0001\0002\000.\0001\000.\0006\000\040\000c\000o\000m\000p\000R\000o\000n\000\050\000N\000o\000n\000,\000\040\000r\000I\000n\000f\000,\000\040\000R\000o\000n\000,\000\040\000t\0000\000,\000\040\000t\000,\000\040\000t\000a\000u\000O\000n\000\051}{subsection.6.12.1}% 44
\BOOKMARK [3][-]{subsubsection.6.12.1.7}{\376\377\0006\000.\0001\0002\000.\0001\000.\0007\000\040\000c\000o\000m\000p\000R\000o\000n\000S\000t\000a\000r\000t\000\050\000R\000o\000n\000,\000\040\000r\000i\000,\000\040\000s\000y\000n\000C\000o\000n\000t\000r\000i\000b\000\051}{subsection.6.12.1}% 45
\BOOKMARK [3][-]{subsubsection.6.12.1.8}{\376\377\0006\000.\0001\0002\000.\0001\000.\0008\000\040\000c\000o\000m\000p\000R\000o\000n\000S\000t\000o\000p\000\050\000R\000o\000n\000,\000\040\000r\000i\000,\000\040\000s\000y\000n\000C\000o\000n\000t\000r\000i\000b\000\051}{subsection.6.12.1}% 46
\BOOKMARK [3][-]{subsubsection.6.12.1.9}{\376\377\0006\000.\0001\0002\000.\0001\000.\0009\000\040\000c\000o\000m\000p\000S\000y\000n\000a\000p\000C\000o\000n\000d\000\050\000G\000m\000a\000x\000,\000\040\000R\000o\000n\000,\000\040\000R\000o\000f\000f\000\051}{subsection.6.12.1}% 47
\BOOKMARK [1][-]{section.6.13}{\376\377\0006\000.\0001\0003\000\040\000S\000y\000n\000a\000p\000s\000e\000s\000F\000a\000c\000t\000o\000r\000y\000\040\000N\000a\000m\000e\000s\000p\000a\000c\000e\000\040\000R\000e\000f\000e\000r\000e\000n\000c\000e}{chapter.6}% 48
\BOOKMARK [0][-]{chapter.7}{\376\377\0007\000\040\000C\000l\000a\000s\000s\000\040\000D\000o\000c\000u\000m\000e\000n\000t\000a\000t\000i\000o\000n}{}% 49
\BOOKMARK [1][-]{section.7.1}{\376\377\0007\000.\0001\000\040\000A\000x\000o\000n\000D\000e\000l\000a\000y\000.\000A\000x\000o\000n\000D\000e\000l\000a\000y\000\040\000C\000l\000a\000s\000s\000\040\000R\000e\000f\000e\000r\000e\000n\000c\000e}{chapter.7}% 50
\BOOKMARK [2][-]{subsection.7.1.1}{\376\377\0007\000.\0001\000.\0001\000\040\000D\000e\000t\000a\000i\000l\000e\000d\000\040\000D\000e\000s\000c\000r\000i\000p\000t\000i\000o\000n}{section.7.1}% 51
\BOOKMARK [2][-]{subsection.7.1.2}{\376\377\0007\000.\0001\000.\0002\000\040\000C\000o\000n\000s\000t\000r\000u\000c\000t\000o\000r\000\040\000\046\000\040\000D\000e\000s\000t\000r\000u\000c\000t\000o\000r\000\040\000D\000o\000c\000u\000m\000e\000n\000t\000a\000t\000i\000o\000n}{section.7.1}% 52
\BOOKMARK [3][-]{subsubsection.7.1.2.1}{\376\377\0007\000.\0001\000.\0002\000.\0001\000\040\000i\000n\000i\000t\000\050\000s\000e\000l\000f\000,\000\040\000c\000o\000n\000f\000,\000\040\000n\000e\000r\000v\000e\000,\000\040\000p\000o\000o\000l\000,\000\040\000i\000n\000d\000e\000x\000\051}{subsection.7.1.2}% 53
\BOOKMARK [2][-]{subsection.7.1.3}{\376\377\0007\000.\0001\000.\0003\000\040\000M\000e\000m\000b\000e\000r\000\040\000F\000u\000n\000c\000t\000i\000o\000n\000\040\000D\000o\000c\000u\000m\000e\000n\000t\000a\000t\000i\000o\000n}{section.7.1}% 54
\BOOKMARK [3][-]{subsubsection.7.1.3.1}{\376\377\0007\000.\0001\000.\0003\000.\0001\000\040\000a\000d\000d\000S\000p\000i\000n\000a\000l\000S\000p\000i\000k\000e\000\050\000s\000e\000l\000f\000,\000\040\000t\000\051}{subsection.7.1.3}% 55
\BOOKMARK [3][-]{subsubsection.7.1.3.2}{\376\377\0007\000.\0001\000.\0003\000.\0002\000\040\000a\000d\000d\000T\000e\000r\000m\000i\000n\000a\000l\000S\000p\000i\000k\000e\000\050\000s\000e\000l\000f\000,\000\040\000t\000\051}{subsection.7.1.3}% 56
\BOOKMARK [2][-]{subsection.7.1.4}{\376\377\0007\000.\0001\000.\0004\000\040\000M\000e\000m\000b\000e\000r\000\040\000D\000a\000t\000a\000\040\000D\000o\000c\000u\000m\000e\000n\000t\000a\000t\000i\000o\000n}{section.7.1}% 57
\BOOKMARK [3][-]{subsubsection.7.1.4.1}{\376\377\0007\000.\0001\000.\0004\000.\0001\000\040\000i\000n\000d\000e\000x}{subsection.7.1.4}% 58
\BOOKMARK [3][-]{subsubsection.7.1.4.2}{\376\377\0007\000.\0001\000.\0004\000.\0002\000\040\000l\000a\000t\000e\000n\000c\000y\000S\000p\000i\000n\000a\000l\000T\000e\000r\000m\000i\000n\000a\000l\000m\000s}{subsection.7.1.4}% 59
\BOOKMARK [3][-]{subsubsection.7.1.4.3}{\376\377\0007\000.\0001\000.\0004\000.\0003\000\040\000l\000a\000t\000e\000n\000c\000y\000S\000t\000i\000m\000u\000l\000u\000s\000S\000p\000i\000n\000a\000l\000m\000s}{subsection.7.1.4}% 60
\BOOKMARK [3][-]{subsubsection.7.1.4.4}{\376\377\0007\000.\0001\000.\0004\000.\0004\000\040\000l\000a\000t\000e\000n\000c\000y\000S\000t\000i\000m\000u\000l\000u\000s\000T\000e\000r\000m\000i\000n\000a\000l\000m\000s}{subsection.7.1.4}% 61
\BOOKMARK [3][-]{subsubsection.7.1.4.5}{\376\377\0007\000.\0001\000.\0004\000.\0005\000\040\000l\000e\000n\000g\000t\000h\000m}{subsection.7.1.4}% 62
\BOOKMARK [3][-]{subsubsection.7.1.4.6}{\376\377\0007\000.\0001\000.\0004\000.\0006\000\040\000s\000t\000i\000m\000u\000l\000u\000s\000P\000o\000s\000i\000t\000i\000o\000n\000t\000o\000T\000e\000r\000m\000i\000n\000a\000l}{subsection.7.1.4}% 63
\BOOKMARK [3][-]{subsubsection.7.1.4.7}{\376\377\0007\000.\0001\000.\0004\000.\0007\000\040\000t\000e\000r\000m\000i\000n\000a\000l\000S\000p\000i\000k\000e\000T\000r\000a\000i\000n}{subsection.7.1.4}% 64
\BOOKMARK [3][-]{subsubsection.7.1.4.8}{\376\377\0007\000.\0001\000.\0004\000.\0008\000\040\000v\000e\000l\000o\000c\000i\000t\000y\000m\000s}{subsection.7.1.4}% 65
\BOOKMARK [1][-]{section.7.2}{\376\377\0007\000.\0002\000\040\000C\000h\000a\000n\000n\000e\000l\000C\000o\000n\000d\000u\000c\000t\000a\000n\000c\000e\000.\000C\000h\000a\000n\000n\000e\000l\000C\000o\000n\000d\000u\000c\000t\000a\000n\000c\000e\000\040\000C\000l\000a\000s\000s\000\040\000R\000e\000f\000e\000r\000e\000n\000c\000e}{chapter.7}% 66
\BOOKMARK [2][-]{subsection.7.2.1}{\376\377\0007\000.\0002\000.\0001\000\040\000D\000e\000t\000a\000i\000l\000e\000d\000\040\000D\000e\000s\000c\000r\000i\000p\000t\000i\000o\000n}{section.7.2}% 67
\BOOKMARK [2][-]{subsection.7.2.2}{\376\377\0007\000.\0002\000.\0002\000\040\000C\000o\000n\000s\000t\000r\000u\000c\000t\000o\000r\000\040\000\046\000\040\000D\000e\000s\000t\000r\000u\000c\000t\000o\000r\000\040\000D\000o\000c\000u\000m\000e\000n\000t\000a\000t\000i\000o\000n}{section.7.2}% 68
\BOOKMARK [3][-]{subsubsection.7.2.2.1}{\376\377\0007\000.\0002\000.\0002\000.\0001\000\040\000i\000n\000i\000t\000\050\000s\000e\000l\000f\000,\000\040\000k\000i\000n\000d\000,\000\040\000c\000o\000n\000f\000,\000\040\000c\000o\000m\000p\000A\000r\000e\000a\000,\000\040\000p\000o\000o\000l\000,\000\040\000i\000n\000d\000e\000x\000\051}{subsection.7.2.2}% 69
\BOOKMARK [2][-]{subsection.7.2.3}{\376\377\0007\000.\0002\000.\0003\000\040\000M\000e\000m\000b\000e\000r\000\040\000F\000u\000n\000c\000t\000i\000o\000n\000\040\000D\000o\000c\000u\000m\000e\000n\000t\000a\000t\000i\000o\000n}{section.7.2}% 70
\BOOKMARK [3][-]{subsubsection.7.2.3.1}{\376\377\0007\000.\0002\000.\0003\000.\0001\000\040\000c\000o\000m\000p\000C\000o\000n\000d\000K\000f\000\050\000s\000e\000l\000f\000,\000\040\000V\000m\000V\000\051}{subsection.7.2.3}% 71
\BOOKMARK [3][-]{subsubsection.7.2.3.2}{\376\377\0007\000.\0002\000.\0003\000.\0002\000\040\000c\000o\000m\000p\000C\000o\000n\000d\000K\000s\000\050\000s\000e\000l\000f\000,\000\040\000V\000m\000V\000\051}{subsection.7.2.3}% 72
\BOOKMARK [3][-]{subsubsection.7.2.3.3}{\376\377\0007\000.\0002\000.\0003\000.\0003\000\040\000c\000o\000m\000p\000C\000o\000n\000d\000N\000a\000\050\000s\000e\000l\000f\000,\000\040\000V\000m\000V\000\051}{subsection.7.2.3}% 73
\BOOKMARK [3][-]{subsubsection.7.2.3.4}{\376\377\0007\000.\0002\000.\0003\000.\0004\000\040\000c\000o\000m\000p\000u\000t\000e\000C\000u\000r\000r\000e\000n\000t\000\050\000s\000e\000l\000f\000,\000\040\000t\000,\000\040\000V\000m\000V\000\051}{subsection.7.2.3}% 74
\BOOKMARK [2][-]{subsection.7.2.4}{\376\377\0007\000.\0002\000.\0004\000\040\000M\000e\000m\000b\000e\000r\000\040\000D\000a\000t\000a\000\040\000D\000o\000c\000u\000m\000e\000n\000t\000a\000t\000i\000o\000n}{section.7.2}% 75
\BOOKMARK [3][-]{subsubsection.7.2.4.1}{\376\377\0007\000.\0002\000.\0004\000.\0001\000\040\000c\000o\000m\000p\000C\000o\000n\000d}{subsection.7.2.4}% 76
\BOOKMARK [3][-]{subsubsection.7.2.4.2}{\376\377\0007\000.\0002\000.\0004\000.\0002\000\040\000c\000o\000n\000d\000S\000t\000a\000t\000e}{subsection.7.2.4}% 77
\BOOKMARK [3][-]{subsubsection.7.2.4.3}{\376\377\0007\000.\0002\000.\0004\000.\0003\000\040\000E\000q\000P\000o\000t\000m\000V}{subsection.7.2.4}% 78
\BOOKMARK [3][-]{subsubsection.7.2.4.4}{\376\377\0007\000.\0002\000.\0004\000.\0004\000\040\000g\000m\000a\000x\000m\000u\000S}{subsection.7.2.4}% 79
\BOOKMARK [3][-]{subsubsection.7.2.4.5}{\376\377\0007\000.\0002\000.\0004\000.\0005\000\040\000k\000i\000n\000d}{subsection.7.2.4}% 80
\BOOKMARK [3][-]{subsubsection.7.2.4.6}{\376\377\0007\000.\0002\000.\0004\000.\0006\000\040\000l\000e\000n\000S\000t\000a\000t\000e\000s}{subsection.7.2.4}% 81
\BOOKMARK [3][-]{subsubsection.7.2.4.7}{\376\377\0007\000.\0002\000.\0004\000.\0007\000\040\000s\000t\000a\000t\000e\000T\000y\000p\000e}{subsection.7.2.4}% 82
\BOOKMARK [1][-]{section.7.3}{\376\377\0007\000.\0003\000\040\000C\000o\000m\000p\000a\000r\000t\000m\000e\000n\000t\000.\000C\000o\000m\000p\000a\000r\000t\000m\000e\000n\000t\000\040\000C\000l\000a\000s\000s\000\040\000R\000e\000f\000e\000r\000e\000n\000c\000e}{chapter.7}% 83
\BOOKMARK [2][-]{subsection.7.3.1}{\376\377\0007\000.\0003\000.\0001\000\040\000D\000e\000t\000a\000i\000l\000e\000d\000\040\000D\000e\000s\000c\000r\000i\000p\000t\000i\000o\000n}{section.7.3}% 84
\BOOKMARK [2][-]{subsection.7.3.2}{\376\377\0007\000.\0003\000.\0002\000\040\000C\000o\000n\000s\000t\000r\000u\000c\000t\000o\000r\000\040\000\046\000\040\000D\000e\000s\000t\000r\000u\000c\000t\000o\000r\000\040\000D\000o\000c\000u\000m\000e\000n\000t\000a\000t\000i\000o\000n}{section.7.3}% 85
\BOOKMARK [3][-]{subsubsection.7.3.2.1}{\376\377\0007\000.\0003\000.\0002\000.\0001\000\040\000i\000n\000i\000t\000\050\000s\000e\000l\000f\000,\000\040\000k\000i\000n\000d\000,\000\040\000c\000o\000n\000f\000,\000\040\000p\000o\000o\000l\000,\000\040\000i\000n\000d\000e\000x\000,\000\040\000n\000e\000u\000r\000o\000n\000K\000i\000n\000d\000\051}{subsection.7.3.2}% 86
\BOOKMARK [2][-]{subsection.7.3.3}{\376\377\0007\000.\0003\000.\0003\000\040\000M\000e\000m\000b\000e\000r\000\040\000F\000u\000n\000c\000t\000i\000o\000n\000\040\000D\000o\000c\000u\000m\000e\000n\000t\000a\000t\000i\000o\000n}{section.7.3}% 87
\BOOKMARK [3][-]{subsubsection.7.3.3.1}{\376\377\0007\000.\0003\000.\0003\000.\0001\000\040\000c\000o\000m\000p\000u\000t\000e\000C\000u\000r\000r\000e\000n\000t\000\050\000s\000e\000l\000f\000,\000\040\000t\000,\000\040\000V\000m\000V\000\051}{subsection.7.3.3}% 88
\BOOKMARK [2][-]{subsection.7.3.4}{\376\377\0007\000.\0003\000.\0004\000\040\000M\000e\000m\000b\000e\000r\000\040\000D\000a\000t\000a\000\040\000D\000o\000c\000u\000m\000e\000n\000t\000a\000t\000i\000o\000n}{section.7.3}% 89
\BOOKMARK [3][-]{subsubsection.7.3.4.1}{\376\377\0007\000.\0003\000.\0004\000.\0001\000\040\000c\000a\000p\000a\000c\000i\000t\000a\000n\000c\000e\000n\000F}{subsection.7.3.4}% 90
\BOOKMARK [3][-]{subsubsection.7.3.4.2}{\376\377\0007\000.\0003\000.\0004\000.\0002\000\040\000C\000h\000a\000n\000n\000e\000l\000s}{subsection.7.3.4}% 91
\BOOKMARK [3][-]{subsubsection.7.3.4.3}{\376\377\0007\000.\0003\000.\0004\000.\0003\000\040\000d\000i\000a\000m\000e\000t\000e\000r\000m\000u\000m}{subsection.7.3.4}% 92
\BOOKMARK [3][-]{subsubsection.7.3.4.4}{\376\377\0007\000.\0003\000.\0004\000.\0004\000\040\000g\000L\000e\000a\000k}{subsection.7.3.4}% 93
\BOOKMARK [3][-]{subsubsection.7.3.4.5}{\376\377\0007\000.\0003\000.\0004\000.\0005\000\040\000i\000n\000d\000e\000x}{subsection.7.3.4}% 94
\BOOKMARK [3][-]{subsubsection.7.3.4.6}{\376\377\0007\000.\0003\000.\0004\000.\0006\000\040\000k\000i\000n\000d}{subsection.7.3.4}% 95
\BOOKMARK [3][-]{subsubsection.7.3.4.7}{\376\377\0007\000.\0003\000.\0004\000.\0007\000\040\000l\000e\000n\000g\000t\000h\000m\000u\000m}{subsection.7.3.4}% 96
\BOOKMARK [3][-]{subsubsection.7.3.4.8}{\376\377\0007\000.\0003\000.\0004\000.\0008\000\040\000n\000e\000u\000r\000o\000n\000K\000i\000n\000d}{subsection.7.3.4}% 97
\BOOKMARK [3][-]{subsubsection.7.3.4.9}{\376\377\0007\000.\0003\000.\0004\000.\0009\000\040\000n\000u\000m\000b\000e\000r\000C\000h\000a\000n\000n\000e\000l\000s}{subsection.7.3.4}% 98
\BOOKMARK [3][-]{subsubsection.7.3.4.10}{\376\377\0007\000.\0003\000.\0004\000.\0001\0000\000\040\000S\000y\000n\000a\000p\000s\000e\000s\000I\000n}{subsection.7.3.4}% 99
\BOOKMARK [3][-]{subsubsection.7.3.4.11}{\376\377\0007\000.\0003\000.\0004\000.\0001\0001\000\040\000S\000y\000n\000a\000p\000s\000e\000s\000O\000u\000t}{subsection.7.3.4}% 100
\BOOKMARK [1][-]{section.7.4}{\376\377\0007\000.\0004\000\040\000C\000o\000n\000f\000i\000g\000u\000r\000a\000t\000i\000o\000n\000.\000C\000o\000n\000f\000i\000g\000u\000r\000a\000t\000i\000o\000n\000\040\000C\000l\000a\000s\000s\000\040\000R\000e\000f\000e\000r\000e\000n\000c\000e}{chapter.7}% 101
\BOOKMARK [2][-]{subsection.7.4.1}{\376\377\0007\000.\0004\000.\0001\000\040\000D\000e\000t\000a\000i\000l\000e\000d\000\040\000D\000e\000s\000c\000r\000i\000p\000t\000i\000o\000n}{section.7.4}% 102
\BOOKMARK [2][-]{subsection.7.4.2}{\376\377\0007\000.\0004\000.\0002\000\040\000C\000o\000n\000s\000t\000r\000u\000c\000t\000o\000r\000\040\000\046\000\040\000D\000e\000s\000t\000r\000u\000c\000t\000o\000r\000\040\000D\000o\000c\000u\000m\000e\000n\000t\000a\000t\000i\000o\000n}{section.7.4}% 103
\BOOKMARK [3][-]{subsubsection.7.4.2.1}{\376\377\0007\000.\0004\000.\0002\000.\0001\000\040\000i\000n\000i\000t\000\050\000s\000e\000l\000f\000,\000\040\000f\000i\000l\000e\000n\000a\000m\000e\000\051}{subsection.7.4.2}% 104
\BOOKMARK [2][-]{subsection.7.4.3}{\376\377\0007\000.\0004\000.\0003\000\040\000M\000e\000m\000b\000e\000r\000\040\000F\000u\000n\000c\000t\000i\000o\000n\000\040\000D\000o\000c\000u\000m\000e\000n\000t\000a\000t\000i\000o\000n}{section.7.4}% 105
\BOOKMARK [3][-]{subsubsection.7.4.3.1}{\376\377\0007\000.\0004\000.\0003\000.\0001\000\040\000d\000e\000t\000e\000r\000m\000i\000n\000e\000S\000y\000n\000a\000p\000s\000e\000s\000\050\000s\000e\000l\000f\000,\000\040\000n\000e\000u\000r\000a\000l\000S\000o\000u\000r\000c\000e\000\051}{subsection.7.4.3}% 106
\BOOKMARK [3][-]{subsubsection.7.4.3.2}{\376\377\0007\000.\0004\000.\0003\000.\0002\000\040\000i\000n\000p\000u\000t\000F\000u\000n\000c\000t\000i\000o\000n\000G\000e\000t\000\050\000s\000e\000l\000f\000,\000\040\000f\000u\000n\000c\000t\000i\000o\000n\000\051}{subsection.7.4.3}% 107
\BOOKMARK [3][-]{subsubsection.7.4.3.3}{\376\377\0007\000.\0004\000.\0003\000.\0003\000\040\000p\000a\000r\000a\000m\000e\000t\000e\000r\000S\000e\000t\000\050\000s\000e\000l\000f\000,\000\040\000p\000a\000r\000a\000m\000T\000a\000g\000,\000\040\000p\000o\000o\000l\000,\000\040\000i\000n\000d\000e\000x\000\051}{subsection.7.4.3}% 108
\BOOKMARK [2][-]{subsection.7.4.4}{\376\377\0007\000.\0004\000.\0004\000\040\000M\000e\000m\000b\000e\000r\000\040\000D\000a\000t\000a\000\040\000D\000o\000c\000u\000m\000e\000n\000t\000a\000t\000i\000o\000n}{section.7.4}% 109
\BOOKMARK [3][-]{subsubsection.7.4.4.1}{\376\377\0007\000.\0004\000.\0004\000.\0001\000\040\000c\000o\000n\000f\000A\000r\000r\000a\000y}{subsection.7.4.4}% 110
\BOOKMARK [3][-]{subsubsection.7.4.4.2}{\376\377\0007\000.\0004\000.\0004\000.\0002\000\040\000s\000i\000m\000D\000u\000r\000a\000t\000i\000o\000n\000m\000s}{subsection.7.4.4}% 111
\BOOKMARK [3][-]{subsubsection.7.4.4.3}{\376\377\0007\000.\0004\000.\0004\000.\0003\000\040\000t\000i\000m\000e\000S\000t\000e\000p\000m\000s}{subsection.7.4.4}% 112
\BOOKMARK [3][-]{subsubsection.7.4.4.4}{\376\377\0007\000.\0004\000.\0004\000.\0004\000\040\000t\000i\000m\000e\000S\000t\000e\000p\000B\000y\000S\000i\000x\000m\000s}{subsection.7.4.4}% 113
\BOOKMARK [3][-]{subsubsection.7.4.4.5}{\376\377\0007\000.\0004\000.\0004\000.\0005\000\040\000t\000i\000m\000e\000S\000t\000e\000p\000B\000y\000T\000w\000o\000m\000s}{subsection.7.4.4}% 114
\BOOKMARK [1][-]{section.7.5}{\376\377\0007\000.\0005\000\040\000M\000o\000t\000o\000r\000U\000n\000i\000t\000.\000M\000o\000t\000o\000r\000U\000n\000i\000t\000\040\000C\000l\000a\000s\000s\000\040\000R\000e\000f\000e\000r\000e\000n\000c\000e}{chapter.7}% 115
\BOOKMARK [2][-]{subsection.7.5.1}{\376\377\0007\000.\0005\000.\0001\000\040\000D\000e\000t\000a\000i\000l\000e\000d\000\040\000D\000e\000s\000c\000r\000i\000p\000t\000i\000o\000n}{section.7.5}% 116
\BOOKMARK [2][-]{subsection.7.5.2}{\376\377\0007\000.\0005\000.\0002\000\040\000C\000o\000n\000s\000t\000r\000u\000c\000t\000o\000r\000\040\000\046\000\040\000D\000e\000s\000t\000r\000u\000c\000t\000o\000r\000\040\000D\000o\000c\000u\000m\000e\000n\000t\000a\000t\000i\000o\000n}{section.7.5}% 117
\BOOKMARK [3][-]{subsubsection.7.5.2.1}{\376\377\0007\000.\0005\000.\0002\000.\0001\000\040\000i\000n\000i\000t\000\050\000s\000e\000l\000f\000,\000\040\000c\000o\000n\000f\000,\000\040\000p\000o\000o\000l\000,\000\040\000i\000n\000d\000e\000x\000,\000\040\000k\000i\000n\000d\000\051}{subsection.7.5.2}% 118
\BOOKMARK [2][-]{subsection.7.5.3}{\376\377\0007\000.\0005\000.\0003\000\040\000M\000e\000m\000b\000e\000r\000\040\000F\000u\000n\000c\000t\000i\000o\000n\000\040\000D\000o\000c\000u\000m\000e\000n\000t\000a\000t\000i\000o\000n}{section.7.5}% 119
\BOOKMARK [3][-]{subsubsection.7.5.3.1}{\376\377\0007\000.\0005\000.\0003\000.\0001\000\040\000a\000d\000d\000S\000o\000m\000a\000S\000p\000i\000k\000e\000\050\000s\000e\000l\000f\000,\000\040\000t\000\051}{subsection.7.5.3}% 120
\BOOKMARK [3][-]{subsubsection.7.5.3.2}{\376\377\0007\000.\0005\000.\0003\000.\0002\000\040\000a\000t\000u\000a\000l\000i\000z\000e\000C\000o\000m\000p\000a\000r\000t\000m\000e\000n\000t\000s\000\050\000s\000e\000l\000f\000,\000\040\000t\000\051}{subsection.7.5.3}% 121
\BOOKMARK [3][-]{subsubsection.7.5.3.3}{\376\377\0007\000.\0005\000.\0003\000.\0003\000\040\000a\000t\000u\000a\000l\000i\000z\000e\000D\000e\000l\000a\000y\000\050\000s\000e\000l\000f\000,\000\040\000t\000\051}{subsection.7.5.3}% 122
\BOOKMARK [3][-]{subsubsection.7.5.3.4}{\376\377\0007\000.\0005\000.\0003\000.\0004\000\040\000a\000t\000u\000a\000l\000i\000z\000e\000M\000o\000t\000o\000r\000U\000n\000i\000t\000\050\000s\000e\000l\000f\000,\000\040\000t\000\051}{subsection.7.5.3}% 123
\BOOKMARK [3][-]{subsubsection.7.5.3.5}{\376\377\0007\000.\0005\000.\0003\000.\0005\000\040\000d\000V\000d\000t\000\050\000s\000e\000l\000f\000,\000\040\000t\000,\000\040\000V\000\051}{subsection.7.5.3}% 124
\BOOKMARK [2][-]{subsection.7.5.4}{\376\377\0007\000.\0005\000.\0004\000\040\000M\000e\000m\000b\000e\000r\000\040\000D\000a\000t\000a\000\040\000D\000o\000c\000u\000m\000e\000n\000t\000a\000t\000i\000o\000n}{section.7.5}% 125
\BOOKMARK [3][-]{subsubsection.7.5.4.1}{\376\377\0007\000.\0005\000.\0004\000.\0001\000\040\000b\000S\000a\000t}{subsection.7.5.4}% 126
\BOOKMARK [3][-]{subsubsection.7.5.4.2}{\376\377\0007\000.\0005\000.\0004\000.\0002\000\040\000c\000a\000p\000a\000c\000i\000t\000a\000n\000c\000e\000I\000n\000v}{subsection.7.5.4}% 127
\BOOKMARK [3][-]{subsubsection.7.5.4.3}{\376\377\0007\000.\0005\000.\0004\000.\0003\000\040\000c\000o\000m\000p\000a\000r\000t\000m\000e\000n\000t}{subsection.7.5.4}% 128
\BOOKMARK [3][-]{subsubsection.7.5.4.4}{\376\377\0007\000.\0005\000.\0004\000.\0004\000\040\000c\000o\000m\000p\000N\000u\000m\000b\000e\000r}{subsection.7.5.4}% 129
\BOOKMARK [3][-]{subsubsection.7.5.4.5}{\376\377\0007\000.\0005\000.\0004\000.\0005\000\040\000c\000o\000n\000f}{subsection.7.5.4}% 130
\BOOKMARK [3][-]{subsubsection.7.5.4.6}{\376\377\0007\000.\0005\000.\0004\000.\0006\000\040\000D\000e\000l\000a\000y}{subsection.7.5.4}% 131
\BOOKMARK [3][-]{subsubsection.7.5.4.7}{\376\377\0007\000.\0005\000.\0004\000.\0007\000\040\000G}{subsection.7.5.4}% 132
\BOOKMARK [3][-]{subsubsection.7.5.4.8}{\376\377\0007\000.\0005\000.\0004\000.\0008\000\040\000i\000I\000n\000j\000e\000c\000t\000e\000d}{subsection.7.5.4}% 133
\BOOKMARK [3][-]{subsubsection.7.5.4.9}{\376\377\0007\000.\0005\000.\0004\000.\0009\000\040\000i\000I\000o\000n\000i\000c}{subsection.7.5.4}% 134
\BOOKMARK [3][-]{subsubsection.7.5.4.10}{\376\377\0007\000.\0005\000.\0004\000.\0001\0000\000\040\000i\000n\000d\000e\000x}{subsection.7.5.4}% 135
\BOOKMARK [3][-]{subsubsection.7.5.4.11}{\376\377\0007\000.\0005\000.\0004\000.\0001\0001\000\040\000k\000i\000n\000d}{subsection.7.5.4}% 136
\BOOKMARK [3][-]{subsubsection.7.5.4.12}{\376\377\0007\000.\0005\000.\0004\000.\0001\0002\000\040\000M\000N\000R\000e\000f\000P\000e\000r\000m\000s}{subsection.7.5.4}% 137
\BOOKMARK [3][-]{subsubsection.7.5.4.13}{\376\377\0007\000.\0005\000.\0004\000.\0001\0003\000\040\000n\000e\000r\000v\000e}{subsection.7.5.4}% 138
\BOOKMARK [3][-]{subsubsection.7.5.4.14}{\376\377\0007\000.\0005\000.\0004\000.\0001\0004\000\040\000s\000o\000m\000a\000I\000n\000d\000e\000x}{subsection.7.5.4}% 139
\BOOKMARK [3][-]{subsubsection.7.5.4.15}{\376\377\0007\000.\0005\000.\0004\000.\0001\0005\000\040\000s\000o\000m\000a\000S\000p\000i\000k\000e\000T\000r\000a\000i\000n}{subsection.7.5.4}% 140
\BOOKMARK [3][-]{subsubsection.7.5.4.16}{\376\377\0007\000.\0005\000.\0004\000.\0001\0006\000\040\000t\000e\000r\000m\000i\000n\000a\000l\000S\000p\000i\000k\000e\000T\000r\000a\000i\000n}{subsection.7.5.4}% 141
\BOOKMARK [3][-]{subsubsection.7.5.4.17}{\376\377\0007\000.\0005\000.\0004\000.\0001\0007\000\040\000t\000h\000r\000e\000s\000h\000o\000l\000d\000m\000V}{subsection.7.5.4}% 142
\BOOKMARK [3][-]{subsubsection.7.5.4.18}{\376\377\0007\000.\0005\000.\0004\000.\0001\0008\000\040\000t\000S\000o\000m\000a\000S\000p\000i\000k\000e}{subsection.7.5.4}% 143
\BOOKMARK [3][-]{subsubsection.7.5.4.19}{\376\377\0007\000.\0005\000.\0004\000.\0001\0009\000\040\000T\000w\000i\000t\000c\000h\000A\000m\000p\000N}{subsection.7.5.4}% 144
\BOOKMARK [3][-]{subsubsection.7.5.4.20}{\376\377\0007\000.\0005\000.\0004\000.\0002\0000\000\040\000T\000w\000i\000t\000c\000h\000T\000c\000m\000s}{subsection.7.5.4}% 145
\BOOKMARK [3][-]{subsubsection.7.5.4.21}{\376\377\0007\000.\0005\000.\0004\000.\0002\0001\000\040\000t\000w\000T\000e\000t}{subsection.7.5.4}% 146
\BOOKMARK [3][-]{subsubsection.7.5.4.22}{\376\377\0007\000.\0005\000.\0004\000.\0002\0002\000\040\000v\000m\000V}{subsection.7.5.4}% 147
\BOOKMARK [1][-]{section.7.6}{\376\377\0007\000.\0006\000\040\000M\000o\000t\000o\000r\000U\000n\000i\000t\000P\000o\000o\000l\000.\000M\000o\000t\000o\000r\000U\000n\000i\000t\000P\000o\000o\000l\000\040\000C\000l\000a\000s\000s\000\040\000R\000e\000f\000e\000r\000e\000n\000c\000e}{chapter.7}% 148
\BOOKMARK [2][-]{subsection.7.6.1}{\376\377\0007\000.\0006\000.\0001\000\040\000D\000e\000t\000a\000i\000l\000e\000d\000\040\000D\000e\000s\000c\000r\000i\000p\000t\000i\000o\000n}{section.7.6}% 149
\BOOKMARK [2][-]{subsection.7.6.2}{\376\377\0007\000.\0006\000.\0002\000\040\000C\000o\000n\000s\000t\000r\000u\000c\000t\000o\000r\000\040\000\046\000\040\000D\000e\000s\000t\000r\000u\000c\000t\000o\000r\000\040\000D\000o\000c\000u\000m\000e\000n\000t\000a\000t\000i\000o\000n}{section.7.6}% 150
\BOOKMARK [3][-]{subsubsection.7.6.2.1}{\376\377\0007\000.\0006\000.\0002\000.\0001\000\040\000i\000n\000i\000t\000\050\000s\000e\000l\000f\000,\000\040\000c\000o\000n\000f\000,\000\040\000p\000o\000o\000l\000\051}{subsection.7.6.2}% 151
\BOOKMARK [2][-]{subsection.7.6.3}{\376\377\0007\000.\0006\000.\0003\000\040\000M\000e\000m\000b\000e\000r\000\040\000F\000u\000n\000c\000t\000i\000o\000n\000\040\000D\000o\000c\000u\000m\000e\000n\000t\000a\000t\000i\000o\000n}{section.7.6}% 152
\BOOKMARK [3][-]{subsubsection.7.6.3.1}{\376\377\0007\000.\0006\000.\0003\000.\0001\000\040\000a\000t\000u\000a\000l\000i\000z\000e\000A\000c\000t\000i\000v\000a\000t\000i\000o\000n\000S\000i\000g\000n\000a\000l\000\050\000s\000e\000l\000f\000,\000\040\000t\000\051}{subsection.7.6.3}% 153
\BOOKMARK [3][-]{subsubsection.7.6.3.2}{\376\377\0007\000.\0006\000.\0003\000.\0002\000\040\000a\000t\000u\000a\000l\000i\000z\000e\000F\000o\000r\000c\000e\000N\000o\000H\000i\000l\000l\000\050\000s\000e\000l\000f\000\051}{subsection.7.6.3}% 154
\BOOKMARK [3][-]{subsubsection.7.6.3.3}{\376\377\0007\000.\0006\000.\0003\000.\0003\000\040\000a\000t\000u\000a\000l\000i\000z\000e\000M\000o\000t\000o\000r\000U\000n\000i\000t\000P\000o\000o\000l\000\050\000s\000e\000l\000f\000,\000\040\000t\000\051}{subsection.7.6.3}% 155
\BOOKMARK [3][-]{subsubsection.7.6.3.4}{\376\377\0007\000.\0006\000.\0003\000.\0004\000\040\000l\000i\000s\000t\000S\000p\000i\000k\000e\000s\000\050\000s\000e\000l\000f\000\051}{subsection.7.6.3}% 156
\BOOKMARK [2][-]{subsection.7.6.4}{\376\377\0007\000.\0006\000.\0004\000\040\000M\000e\000m\000b\000e\000r\000\040\000D\000a\000t\000a\000\040\000D\000o\000c\000u\000m\000e\000n\000t\000a\000t\000i\000o\000n}{section.7.6}% 157
\BOOKMARK [3][-]{subsubsection.7.6.4.1}{\376\377\0007\000.\0006\000.\0004\000.\0001\000\040\000a\000c\000t\000i\000v\000a\000t\000i\000o\000n\000n\000o\000n\000S\000a\000t}{subsection.7.6.4}% 158
\BOOKMARK [3][-]{subsubsection.7.6.4.2}{\376\377\0007\000.\0006\000.\0004\000.\0002\000\040\000a\000c\000t\000i\000v\000a\000t\000i\000o\000n\000S\000a\000t}{subsection.7.6.4}% 159
\BOOKMARK [3][-]{subsubsection.7.6.4.3}{\376\377\0007\000.\0006\000.\0004\000.\0003\000\040\000a\000c\000t\000i\000v\000a\000t\000i\000o\000n\000M\000o\000d\000e\000l}{subsection.7.6.4}% 160
\BOOKMARK [3][-]{subsubsection.7.6.4.4}{\376\377\0007\000.\0006\000.\0004\000.\0004\000\040\000A\000c\000t\000M\000a\000t\000r\000i\000x}{subsection.7.6.4}% 161
\BOOKMARK [3][-]{subsubsection.7.6.4.5}{\376\377\0007\000.\0006\000.\0004\000.\0005\000\040\000a\000n}{subsection.7.6.4}% 162
\BOOKMARK [3][-]{subsubsection.7.6.4.6}{\376\377\0007\000.\0006\000.\0004\000.\0006\000\040\000a\000t\000u\000a\000l\000i\000z\000e\000F\000o\000r\000c\000e}{subsection.7.6.4}% 163
\BOOKMARK [3][-]{subsubsection.7.6.4.7}{\376\377\0007\000.\0006\000.\0004\000.\0007\000\040\000b\000S\000a\000t}{subsection.7.6.4}% 164
\BOOKMARK [3][-]{subsubsection.7.6.4.8}{\376\377\0007\000.\0006\000.\0004\000.\0008\000\040\000c\000o\000n\000f}{subsection.7.6.4}% 165
\BOOKMARK [3][-]{subsubsection.7.6.4.9}{\376\377\0007\000.\0006\000.\0004\000.\0009\000\040\000d\000i\000r\000a\000c\000D\000e\000l\000t\000a\000V\000a\000l\000u\000e}{subsection.7.6.4}% 166
\BOOKMARK [3][-]{subsubsection.7.6.4.10}{\376\377\0007\000.\0006\000.\0004\000.\0001\0000\000\040\000f\000o\000r\000c\000e}{subsection.7.6.4}% 167
\BOOKMARK [3][-]{subsubsection.7.6.4.11}{\376\377\0007\000.\0006\000.\0004\000.\0001\0001\000\040\000h\000i\000l\000l\000M\000o\000d\000e\000l}{subsection.7.6.4}% 168
\BOOKMARK [3][-]{subsubsection.7.6.4.12}{\376\377\0007\000.\0006\000.\0004\000.\0001\0002\000\040\000k\000i\000n\000d}{subsection.7.6.4}% 169
\BOOKMARK [3][-]{subsubsection.7.6.4.13}{\376\377\0007\000.\0006\000.\0004\000.\0001\0003\000\040\000M\000U\000n\000u\000m\000b\000e\000r}{subsection.7.6.4}% 170
\BOOKMARK [3][-]{subsubsection.7.6.4.14}{\376\377\0007\000.\0006\000.\0004\000.\0001\0004\000\040\000p\000o\000o\000l}{subsection.7.6.4}% 171
\BOOKMARK [3][-]{subsubsection.7.6.4.15}{\376\377\0007\000.\0006\000.\0004\000.\0001\0005\000\040\000p\000o\000o\000l\000S\000o\000m\000a\000S\000p\000i\000k\000e\000s}{subsection.7.6.4}% 172
\BOOKMARK [3][-]{subsubsection.7.6.4.16}{\376\377\0007\000.\0006\000.\0004\000.\0001\0006\000\040\000p\000o\000o\000l\000T\000e\000r\000m\000i\000n\000a\000l\000S\000p\000i\000k\000e\000s}{subsection.7.6.4}% 173
\BOOKMARK [3][-]{subsubsection.7.6.4.17}{\376\377\0007\000.\0006\000.\0004\000.\0001\0007\000\040\000t\000i\000m\000e\000I\000n\000d\000e\000x}{subsection.7.6.4}% 174
\BOOKMARK [3][-]{subsubsection.7.6.4.18}{\376\377\0007\000.\0006\000.\0004\000.\0001\0008\000\040\000t\000w\000i\000t\000c\000h\000A\000m\000p\000N}{subsection.7.6.4}% 175
\BOOKMARK [3][-]{subsubsection.7.6.4.19}{\376\377\0007\000.\0006\000.\0004\000.\0001\0009\000\040\000t\000w\000T\000e\000t}{subsection.7.6.4}% 176
\BOOKMARK [3][-]{subsubsection.7.6.4.20}{\376\377\0007\000.\0006\000.\0004\000.\0002\0000\000\040\000u\000n\000i\000t}{subsection.7.6.4}% 177
\BOOKMARK [1][-]{section.7.7}{\376\377\0007\000.\0007\000\040\000N\000e\000u\000r\000a\000l\000T\000r\000a\000c\000t\000.\000N\000e\000u\000r\000a\000l\000T\000r\000a\000c\000t\000\040\000C\000l\000a\000s\000s\000\040\000R\000e\000f\000e\000r\000e\000n\000c\000e}{chapter.7}% 178
\BOOKMARK [2][-]{subsection.7.7.1}{\376\377\0007\000.\0007\000.\0001\000\040\000D\000e\000t\000a\000i\000l\000e\000d\000\040\000D\000e\000s\000c\000r\000i\000p\000t\000i\000o\000n}{section.7.7}% 179
\BOOKMARK [2][-]{subsection.7.7.2}{\376\377\0007\000.\0007\000.\0002\000\040\000C\000o\000n\000s\000t\000r\000u\000c\000t\000o\000r\000\040\000\046\000\040\000D\000e\000s\000t\000r\000u\000c\000t\000o\000r\000\040\000D\000o\000c\000u\000m\000e\000n\000t\000a\000t\000i\000o\000n}{section.7.7}% 180
\BOOKMARK [3][-]{subsubsection.7.7.2.1}{\376\377\0007\000.\0007\000.\0002\000.\0001\000\040\000i\000n\000i\000t\000\050\000s\000e\000l\000f\000,\000\040\000c\000o\000n\000f\000,\000\040\000p\000o\000o\000l\000\051}{subsection.7.7.2}% 181
\BOOKMARK [2][-]{subsection.7.7.3}{\376\377\0007\000.\0007\000.\0003\000\040\000M\000e\000m\000b\000e\000r\000\040\000F\000u\000n\000c\000t\000i\000o\000n\000\040\000D\000o\000c\000u\000m\000e\000n\000t\000a\000t\000i\000o\000n}{section.7.7}% 182
\BOOKMARK [3][-]{subsubsection.7.7.3.1}{\376\377\0007\000.\0007\000.\0003\000.\0001\000\040\000a\000t\000u\000a\000l\000i\000z\000e\000P\000o\000o\000l\000\050\000s\000e\000l\000f\000,\000\040\000t\000\051}{subsection.7.7.3}% 183
\BOOKMARK [3][-]{subsubsection.7.7.3.2}{\376\377\0007\000.\0007\000.\0003\000.\0002\000\040\000l\000i\000s\000t\000S\000p\000i\000k\000e\000s\000\050\000s\000e\000l\000f\000\051}{subsection.7.7.3}% 184
\BOOKMARK [2][-]{subsection.7.7.4}{\376\377\0007\000.\0007\000.\0004\000\040\000M\000e\000m\000b\000e\000r\000\040\000D\000a\000t\000a\000\040\000D\000o\000c\000u\000m\000e\000n\000t\000a\000t\000i\000o\000n}{section.7.7}% 185
\BOOKMARK [3][-]{subsubsection.7.7.4.1}{\376\377\0007\000.\0007\000.\0004\000.\0001\000\040\000F\000R}{subsection.7.7.4}% 186
\BOOKMARK [3][-]{subsubsection.7.7.4.2}{\376\377\0007\000.\0007\000.\0004\000.\0002\000\040\000k\000i\000n\000d}{subsection.7.7.4}% 187
\BOOKMARK [3][-]{subsubsection.7.7.4.3}{\376\377\0007\000.\0007\000.\0004\000.\0003\000\040\000N\000u\000m\000b\000e\000r}{subsection.7.7.4}% 188
\BOOKMARK [3][-]{subsubsection.7.7.4.4}{\376\377\0007\000.\0007\000.\0004\000.\0004\000\040\000p\000o\000o\000l}{subsection.7.7.4}% 189
\BOOKMARK [3][-]{subsubsection.7.7.4.5}{\376\377\0007\000.\0007\000.\0004\000.\0005\000\040\000p\000o\000o\000l\000T\000e\000r\000m\000i\000n\000a\000l\000S\000p\000i\000k\000e\000s}{subsection.7.7.4}% 190
\BOOKMARK [3][-]{subsubsection.7.7.4.6}{\376\377\0007\000.\0007\000.\0004\000.\0006\000\040\000t\000a\000r\000g\000e\000t}{subsection.7.7.4}% 191
\BOOKMARK [3][-]{subsubsection.7.7.4.7}{\376\377\0007\000.\0007\000.\0004\000.\0007\000\040\000t\000i\000m\000e\000I\000n\000d\000e\000x}{subsection.7.7.4}% 192
\BOOKMARK [3][-]{subsubsection.7.7.4.8}{\376\377\0007\000.\0007\000.\0004\000.\0008\000\040\000u\000n\000i\000t}{subsection.7.7.4}% 193
\BOOKMARK [1][-]{section.7.8}{\376\377\0007\000.\0008\000\040\000N\000e\000u\000r\000a\000l\000T\000r\000a\000c\000t\000U\000n\000i\000t\000.\000N\000e\000u\000r\000a\000l\000T\000r\000a\000c\000t\000U\000n\000i\000t\000\040\000C\000l\000a\000s\000s\000\040\000R\000e\000f\000e\000r\000e\000n\000c\000e}{chapter.7}% 194
\BOOKMARK [2][-]{subsection.7.8.1}{\376\377\0007\000.\0008\000.\0001\000\040\000D\000e\000t\000a\000i\000l\000e\000d\000\040\000D\000e\000s\000c\000r\000i\000p\000t\000i\000o\000n}{section.7.8}% 195
\BOOKMARK [2][-]{subsection.7.8.2}{\376\377\0007\000.\0008\000.\0002\000\040\000C\000o\000n\000s\000t\000r\000u\000c\000t\000o\000r\000\040\000\046\000\040\000D\000e\000s\000t\000r\000u\000c\000t\000o\000r\000\040\000D\000o\000c\000u\000m\000e\000n\000t\000a\000t\000i\000o\000n}{section.7.8}% 196
\BOOKMARK [3][-]{subsubsection.7.8.2.1}{\376\377\0007\000.\0008\000.\0002\000.\0001\000\040\000i\000n\000i\000t\000\050\000s\000e\000l\000f\000,\000\040\000c\000o\000n\000f\000,\000\040\000p\000o\000o\000l\000,\000\040\000i\000n\000d\000e\000x\000\051}{subsection.7.8.2}% 197
\BOOKMARK [2][-]{subsection.7.8.3}{\376\377\0007\000.\0008\000.\0003\000\040\000M\000e\000m\000b\000e\000r\000\040\000F\000u\000n\000c\000t\000i\000o\000n\000\040\000D\000o\000c\000u\000m\000e\000n\000t\000a\000t\000i\000o\000n}{section.7.8}% 198
\BOOKMARK [3][-]{subsubsection.7.8.3.1}{\376\377\0007\000.\0008\000.\0003\000.\0001\000\040\000a\000t\000u\000a\000l\000i\000z\000e\000N\000e\000u\000r\000a\000l\000T\000r\000a\000c\000t\000U\000n\000i\000t\000\050\000s\000e\000l\000f\000,\000\040\000t\000,\000\040\000F\000R\000\051}{subsection.7.8.3}% 199
\BOOKMARK [3][-]{subsubsection.7.8.3.2}{\376\377\0007\000.\0008\000.\0003\000.\0002\000\040\000t\000r\000a\000n\000s\000m\000i\000t\000S\000p\000i\000k\000e\000s\000\050\000s\000e\000l\000f\000,\000\040\000t\000\051}{subsection.7.8.3}% 200
\BOOKMARK [2][-]{subsection.7.8.4}{\376\377\0007\000.\0008\000.\0004\000\040\000M\000e\000m\000b\000e\000r\000\040\000D\000a\000t\000a\000\040\000D\000o\000c\000u\000m\000e\000n\000t\000a\000t\000i\000o\000n}{section.7.8}% 201
\BOOKMARK [3][-]{subsubsection.7.8.4.1}{\376\377\0007\000.\0008\000.\0004\000.\0001\000\040\000G\000a\000m\000m\000a\000O\000r\000d\000e\000r}{subsection.7.8.4}% 202
\BOOKMARK [3][-]{subsubsection.7.8.4.2}{\376\377\0007\000.\0008\000.\0004\000.\0002\000\040\000i\000n\000d\000i\000c\000e\000s\000O\000f\000S\000y\000n\000a\000p\000s\000e\000s\000O\000n\000T\000a\000r\000g\000e\000t}{subsection.7.8.4}% 203
\BOOKMARK [3][-]{subsubsection.7.8.4.3}{\376\377\0007\000.\0008\000.\0004\000.\0003\000\040\000s\000p\000i\000k\000e\000s\000G\000e\000n\000e\000r\000a\000t\000o\000r}{subsection.7.8.4}% 204
\BOOKMARK [3][-]{subsubsection.7.8.4.4}{\376\377\0007\000.\0008\000.\0004\000.\0004\000\040\000S\000y\000n\000a\000p\000s\000e\000s\000O\000u\000t}{subsection.7.8.4}% 205
\BOOKMARK [3][-]{subsubsection.7.8.4.5}{\376\377\0007\000.\0008\000.\0004\000.\0005\000\040\000t\000e\000r\000m\000i\000n\000a\000l\000S\000p\000i\000k\000e\000T\000r\000a\000i\000n}{subsection.7.8.4}% 206
\BOOKMARK [3][-]{subsubsection.7.8.4.6}{\376\377\0007\000.\0008\000.\0004\000.\0006\000\040\000t\000r\000a\000n\000s\000m\000i\000t\000S\000p\000i\000k\000e\000s\000T\000h\000r\000o\000u\000g\000h\000S\000y\000n\000a\000p\000s\000e\000s}{subsection.7.8.4}% 207
\BOOKMARK [1][-]{section.7.9}{\376\377\0007\000.\0009\000\040\000o\000b\000j\000e\000c\000t\000\040\000C\000l\000a\000s\000s\000\040\000R\000e\000f\000e\000r\000e\000n\000c\000e}{chapter.7}% 208
\BOOKMARK [1][-]{section.7.10}{\376\377\0007\000.\0001\0000\000\040\000P\000o\000i\000n\000t\000P\000r\000o\000c\000e\000s\000s\000G\000e\000n\000e\000r\000a\000t\000o\000r\000.\000P\000o\000i\000n\000t\000P\000r\000o\000c\000e\000s\000s\000G\000e\000n\000e\000r\000a\000t\000o\000r\000\040\000C\000l\000a\000s\000s\000\040\000R\000e\000f\000e\000r\000e\000n\000c\000e}{chapter.7}% 209
\BOOKMARK [2][-]{subsection.7.10.1}{\376\377\0007\000.\0001\0000\000.\0001\000\040\000D\000e\000t\000a\000i\000l\000e\000d\000\040\000D\000e\000s\000c\000r\000i\000p\000t\000i\000o\000n}{section.7.10}% 210
\BOOKMARK [2][-]{subsection.7.10.2}{\376\377\0007\000.\0001\0000\000.\0002\000\040\000C\000o\000n\000s\000t\000r\000u\000c\000t\000o\000r\000\040\000\046\000\040\000D\000e\000s\000t\000r\000u\000c\000t\000o\000r\000\040\000D\000o\000c\000u\000m\000e\000n\000t\000a\000t\000i\000o\000n}{section.7.10}% 211
\BOOKMARK [3][-]{subsubsection.7.10.2.1}{\376\377\0007\000.\0001\0000\000.\0002\000.\0001\000\040\000i\000n\000i\000t\000\050\000s\000e\000l\000f\000,\000\040\000G\000a\000m\000m\000a\000O\000r\000d\000e\000r\000,\000\040\000i\000n\000d\000e\000x\000\051}{subsection.7.10.2}% 212
\BOOKMARK [2][-]{subsection.7.10.3}{\376\377\0007\000.\0001\0000\000.\0003\000\040\000M\000e\000m\000b\000e\000r\000\040\000F\000u\000n\000c\000t\000i\000o\000n\000\040\000D\000o\000c\000u\000m\000e\000n\000t\000a\000t\000i\000o\000n}{section.7.10}% 213
\BOOKMARK [3][-]{subsubsection.7.10.3.1}{\376\377\0007\000.\0001\0000\000.\0003\000.\0001\000\040\000a\000t\000u\000a\000l\000i\000z\000e\000G\000e\000n\000e\000r\000a\000t\000o\000r\000\050\000s\000e\000l\000f\000,\000\040\000t\000,\000\040\000f\000i\000r\000i\000n\000g\000R\000a\000t\000e\000\051}{subsection.7.10.3}% 214
\BOOKMARK [2][-]{subsection.7.10.4}{\376\377\0007\000.\0001\0000\000.\0004\000\040\000M\000e\000m\000b\000e\000r\000\040\000D\000a\000t\000a\000\040\000D\000o\000c\000u\000m\000e\000n\000t\000a\000t\000i\000o\000n}{section.7.10}% 215
\BOOKMARK [3][-]{subsubsection.7.10.4.1}{\376\377\0007\000.\0001\0000\000.\0004\000.\0001\000\040\000G\000a\000m\000m\000a\000O\000r\000d\000e\000r}{subsection.7.10.4}% 216
\BOOKMARK [3][-]{subsubsection.7.10.4.2}{\376\377\0007\000.\0001\0000\000.\0004\000.\0002\000\040\000G\000a\000m\000m\000a\000O\000r\000d\000e\000r\000I\000n\000v}{subsection.7.10.4}% 217
\BOOKMARK [3][-]{subsubsection.7.10.4.3}{\376\377\0007\000.\0001\0000\000.\0004\000.\0003\000\040\000i\000n\000d\000e\000x}{subsection.7.10.4}% 218
\BOOKMARK [3][-]{subsubsection.7.10.4.4}{\376\377\0007\000.\0001\0000\000.\0004\000.\0004\000\040\000p\000o\000i\000n\000t\000s}{subsection.7.10.4}% 219
\BOOKMARK [3][-]{subsubsection.7.10.4.5}{\376\377\0007\000.\0001\0000\000.\0004\000.\0005\000\040\000t\000h\000r\000e\000s\000h\000o\000l\000d}{subsection.7.10.4}% 220
\BOOKMARK [3][-]{subsubsection.7.10.4.6}{\376\377\0007\000.\0001\0000\000.\0004\000.\0006\000\040\000y}{subsection.7.10.4}% 221
\BOOKMARK [1][-]{section.7.11}{\376\377\0007\000.\0001\0001\000\040\000P\000u\000l\000s\000e\000C\000o\000n\000d\000u\000c\000t\000a\000n\000c\000e\000S\000t\000a\000t\000e\000.\000P\000u\000l\000s\000e\000C\000o\000n\000d\000u\000c\000t\000a\000n\000c\000e\000S\000t\000a\000t\000e\000\040\000C\000l\000a\000s\000s\000\040\000R\000e\000f\000e\000r\000e\000n\000c\000e}{chapter.7}% 222
\BOOKMARK [2][-]{subsection.7.11.1}{\376\377\0007\000.\0001\0001\000.\0001\000\040\000D\000e\000t\000a\000i\000l\000e\000d\000\040\000D\000e\000s\000c\000r\000i\000p\000t\000i\000o\000n}{section.7.11}% 223
\BOOKMARK [2][-]{subsection.7.11.2}{\376\377\0007\000.\0001\0001\000.\0002\000\040\000C\000o\000n\000s\000t\000r\000u\000c\000t\000o\000r\000\040\000\046\000\040\000D\000e\000s\000t\000r\000u\000c\000t\000o\000r\000\040\000D\000o\000c\000u\000m\000e\000n\000t\000a\000t\000i\000o\000n}{section.7.11}% 224
\BOOKMARK [3][-]{subsubsection.7.11.2.1}{\376\377\0007\000.\0001\0001\000.\0002\000.\0001\000\040\000i\000n\000i\000t\000\050\000s\000e\000l\000f\000,\000\040\000k\000i\000n\000d\000,\000\040\000c\000o\000n\000f\000,\000\040\000p\000o\000o\000l\000,\000\040\000i\000n\000d\000e\000x\000\051}{subsection.7.11.2}% 225
\BOOKMARK [2][-]{subsection.7.11.3}{\376\377\0007\000.\0001\0001\000.\0003\000\040\000M\000e\000m\000b\000e\000r\000\040\000F\000u\000n\000c\000t\000i\000o\000n\000\040\000D\000o\000c\000u\000m\000e\000n\000t\000a\000t\000i\000o\000n}{section.7.11}% 226
\BOOKMARK [3][-]{subsubsection.7.11.3.1}{\376\377\0007\000.\0001\0001\000.\0003\000.\0001\000\040\000c\000h\000a\000n\000g\000e\000S\000t\000a\000t\000e\000\050\000s\000e\000l\000f\000,\000\040\000t\000\051}{subsection.7.11.3}% 227
\BOOKMARK [3][-]{subsubsection.7.11.3.2}{\376\377\0007\000.\0001\0001\000.\0003\000.\0002\000\040\000c\000o\000m\000p\000u\000t\000e\000S\000t\000a\000t\000e\000V\000a\000l\000u\000e\000\050\000s\000e\000l\000f\000,\000\040\000t\000\051}{subsection.7.11.3}% 228
\BOOKMARK [2][-]{subsection.7.11.4}{\376\377\0007\000.\0001\0001\000.\0004\000\040\000M\000e\000m\000b\000e\000r\000\040\000D\000a\000t\000a\000\040\000D\000o\000c\000u\000m\000e\000n\000t\000a\000t\000i\000o\000n}{section.7.11}% 229
\BOOKMARK [3][-]{subsubsection.7.11.4.1}{\376\377\0007\000.\0001\0001\000.\0004\000.\0001\000\040\000a\000c\000t\000T\000y\000p\000e}{subsection.7.11.4}% 230
\BOOKMARK [3][-]{subsubsection.7.11.4.2}{\376\377\0007\000.\0001\0001\000.\0004\000.\0002\000\040\000a\000l\000p\000h\000a\000m\000s\0001}{subsection.7.11.4}% 231
\BOOKMARK [3][-]{subsubsection.7.11.4.3}{\376\377\0007\000.\0001\0001\000.\0004\000.\0003\000\040\000b\000e\000t\000a\000m\000s\0001}{subsection.7.11.4}% 232
\BOOKMARK [3][-]{subsubsection.7.11.4.4}{\376\377\0007\000.\0001\0001\000.\0004\000.\0004\000\040\000c\000o\000m\000p\000u\000t\000e\000V\000a\000l\000u\000e\000O\000f\000f}{subsection.7.11.4}% 233
\BOOKMARK [3][-]{subsubsection.7.11.4.5}{\376\377\0007\000.\0001\0001\000.\0004\000.\0005\000\040\000c\000o\000m\000p\000u\000t\000e\000V\000a\000l\000u\000e\000O\000n}{subsection.7.11.4}% 234
\BOOKMARK [3][-]{subsubsection.7.11.4.6}{\376\377\0007\000.\0001\0001\000.\0004\000.\0006\000\040\000k\000i\000n\000d}{subsection.7.11.4}% 235
\BOOKMARK [3][-]{subsubsection.7.11.4.7}{\376\377\0007\000.\0001\0001\000.\0004\000.\0007\000\040\000P\000u\000l\000s\000e\000D\000u\000r\000m\000s}{subsection.7.11.4}% 236
\BOOKMARK [3][-]{subsubsection.7.11.4.8}{\376\377\0007\000.\0001\0001\000.\0004\000.\0008\000\040\000s\000t\000a\000t\000e}{subsection.7.11.4}% 237
\BOOKMARK [3][-]{subsubsection.7.11.4.9}{\376\377\0007\000.\0001\0001\000.\0004\000.\0009\000\040\000t\0000}{subsection.7.11.4}% 238
\BOOKMARK [3][-]{subsubsection.7.11.4.10}{\376\377\0007\000.\0001\0001\000.\0004\000.\0001\0000\000\040\000v\0000}{subsection.7.11.4}% 239
\BOOKMARK [3][-]{subsubsection.7.11.4.11}{\376\377\0007\000.\0001\0001\000.\0004\000.\0001\0001\000\040\000v\000a\000l\000u\000e}{subsection.7.11.4}% 240
\BOOKMARK [1][-]{section.7.12}{\376\377\0007\000.\0001\0002\000\040\000S\000y\000n\000a\000p\000s\000e\000.\000S\000y\000n\000a\000p\000s\000e\000\040\000C\000l\000a\000s\000s\000\040\000R\000e\000f\000e\000r\000e\000n\000c\000e}{chapter.7}% 241
\BOOKMARK [2][-]{subsection.7.12.1}{\376\377\0007\000.\0001\0002\000.\0001\000\040\000D\000e\000t\000a\000i\000l\000e\000d\000\040\000D\000e\000s\000c\000r\000i\000p\000t\000i\000o\000n}{section.7.12}% 242
\BOOKMARK [2][-]{subsection.7.12.2}{\376\377\0007\000.\0001\0002\000.\0002\000\040\000C\000o\000n\000s\000t\000r\000u\000c\000t\000o\000r\000\040\000\046\000\040\000D\000e\000s\000t\000r\000u\000c\000t\000o\000r\000\040\000D\000o\000c\000u\000m\000e\000n\000t\000a\000t\000i\000o\000n}{section.7.12}% 243
\BOOKMARK [3][-]{subsubsection.7.12.2.1}{\376\377\0007\000.\0001\0002\000.\0002\000.\0001\000\040\000i\000n\000i\000t\000\050\000s\000e\000l\000f\000,\000\040\000c\000o\000n\000f\000,\000\040\000p\000o\000o\000l\000,\000\040\000i\000n\000d\000e\000x\000,\000\040\000c\000o\000m\000p\000a\000r\000t\000m\000e\000n\000t\000,\000\040\000k\000i\000n\000d\000,\000\040\000n\000e\000u\000r\000o\000n\000K\000i\000n\000d\000\051}{subsection.7.12.2}% 244
\BOOKMARK [2][-]{subsection.7.12.3}{\376\377\0007\000.\0001\0002\000.\0003\000\040\000M\000e\000m\000b\000e\000r\000\040\000D\000a\000t\000a\000\040\000D\000o\000c\000u\000m\000e\000n\000t\000a\000t\000i\000o\000n}{section.7.12}% 245
\BOOKMARK [3][-]{subsubsection.7.12.3.1}{\376\377\0007\000.\0001\0002\000.\0003\000.\0001\000\040\000a\000l\000p\000h\000a\000m\000s\0001}{subsection.7.12.3}% 246
\BOOKMARK [3][-]{subsubsection.7.12.3.2}{\376\377\0007\000.\0001\0002\000.\0003\000.\0002\000\040\000b\000e\000t\000a\000m\000s\0001}{subsection.7.12.3}% 247
\BOOKMARK [3][-]{subsubsection.7.12.3.3}{\376\377\0007\000.\0001\0002\000.\0003\000.\0003\000\040\000c\000o\000n\000d\000u\000c\000t\000a\000n\000c\000e\000S\000t\000a\000t\000e}{subsection.7.12.3}% 248
\BOOKMARK [3][-]{subsubsection.7.12.3.4}{\376\377\0007\000.\0001\0002\000.\0003\000.\0004\000\040\000d\000e\000l\000a\000y\000m\000s}{subsection.7.12.3}% 249
\BOOKMARK [3][-]{subsubsection.7.12.3.5}{\376\377\0007\000.\0001\0002\000.\0003\000.\0005\000\040\000d\000y\000n\000a\000m\000i\000c\000s}{subsection.7.12.3}% 250
\BOOKMARK [3][-]{subsubsection.7.12.3.6}{\376\377\0007\000.\0001\0002\000.\0003\000.\0006\000\040\000E\000q\000P\000o\000t\000m\000V}{subsection.7.12.3}% 251
\BOOKMARK [3][-]{subsubsection.7.12.3.7}{\376\377\0007\000.\0001\0002\000.\0003\000.\0007\000\040\000e\000x\000p\000F\000i\000n\000i\000s\000h}{subsection.7.12.3}% 252
\BOOKMARK [3][-]{subsubsection.7.12.3.8}{\376\377\0007\000.\0001\0002\000.\0003\000.\0008\000\040\000g\000m\000a\000x\000m\000u\000S}{subsection.7.12.3}% 253
\BOOKMARK [3][-]{subsubsection.7.12.3.9}{\376\377\0007\000.\0001\0002\000.\0003\000.\0009\000\040\000g\000M\000a\000x\000T\000o\000t\000m\000u\000S}{subsection.7.12.3}% 254
\BOOKMARK [3][-]{subsubsection.7.12.3.10}{\376\377\0007\000.\0001\0002\000.\0003\000.\0001\0000\000\040\000k\000i\000n\000d}{subsection.7.12.3}% 255
\BOOKMARK [3][-]{subsubsection.7.12.3.11}{\376\377\0007\000.\0001\0002\000.\0003\000.\0001\0001\000\040\000n\000e\000u\000r\000o\000n\000K\000i\000n\000d}{subsection.7.12.3}% 256
\BOOKMARK [3][-]{subsubsection.7.12.3.12}{\376\377\0007\000.\0001\0002\000.\0003\000.\0001\0002\000\040\000N\000o\000n}{subsection.7.12.3}% 257
\BOOKMARK [3][-]{subsubsection.7.12.3.13}{\376\377\0007\000.\0001\0002\000.\0003\000.\0001\0003\000\040\000n\000u\000m\000b\000e\000r\000O\000f\000I\000n\000c\000o\000m\000i\000n\000g\000S\000y\000n\000a\000p\000s\000e\000s}{subsection.7.12.3}% 258
\BOOKMARK [3][-]{subsubsection.7.12.3.14}{\376\377\0007\000.\0001\0002\000.\0003\000.\0001\0004\000\040\000p\000o\000o\000l}{subsection.7.12.3}% 259
\BOOKMARK [3][-]{subsubsection.7.12.3.15}{\376\377\0007\000.\0001\0002\000.\0003\000.\0001\0005\000\040\000r\000i}{subsection.7.12.3}% 260
\BOOKMARK [3][-]{subsubsection.7.12.3.16}{\376\377\0007\000.\0001\0002\000.\0003\000.\0001\0006\000\040\000r\000I\000n\000f}{subsection.7.12.3}% 261
\BOOKMARK [3][-]{subsubsection.7.12.3.17}{\376\377\0007\000.\0001\0002\000.\0003\000.\0001\0007\000\040\000R\000o\000f\000f}{subsection.7.12.3}% 262
\BOOKMARK [3][-]{subsubsection.7.12.3.18}{\376\377\0007\000.\0001\0002\000.\0003\000.\0001\0008\000\040\000R\000o\000n}{subsection.7.12.3}% 263
\BOOKMARK [3][-]{subsubsection.7.12.3.19}{\376\377\0007\000.\0001\0002\000.\0003\000.\0001\0009\000\040\000t\0000}{subsection.7.12.3}% 264
\BOOKMARK [3][-]{subsubsection.7.12.3.20}{\376\377\0007\000.\0001\0002\000.\0003\000.\0002\0000\000\040\000t\000a\000u\000O\000f\000f}{subsection.7.12.3}% 265
\BOOKMARK [3][-]{subsubsection.7.12.3.21}{\376\377\0007\000.\0001\0002\000.\0003\000.\0002\0001\000\040\000t\000a\000u\000O\000n}{subsection.7.12.3}% 266
\BOOKMARK [3][-]{subsubsection.7.12.3.22}{\376\377\0007\000.\0001\0002\000.\0003\000.\0002\0002\000\040\000t\000B\000e\000g\000i\000n\000O\000f\000P\000u\000l\000s\000e}{subsection.7.12.3}% 267
\BOOKMARK [3][-]{subsubsection.7.12.3.23}{\376\377\0007\000.\0001\0002\000.\0003\000.\0002\0003\000\040\000t\000E\000n\000d\000O\000f\000P\000u\000l\000s\000e}{subsection.7.12.3}% 268
\BOOKMARK [3][-]{subsubsection.7.12.3.24}{\376\377\0007\000.\0001\0002\000.\0003\000.\0002\0004\000\040\000t\000i}{subsection.7.12.3}% 269
\BOOKMARK [3][-]{subsubsection.7.12.3.25}{\376\377\0007\000.\0001\0002\000.\0003\000.\0002\0005\000\040\000T\000m\000a\000x\000m\000M}{subsection.7.12.3}% 270
\BOOKMARK [3][-]{subsubsection.7.12.3.26}{\376\377\0007\000.\0001\0002\000.\0003\000.\0002\0006\000\040\000t\000P\000e\000a\000k\000m\000s}{subsection.7.12.3}% 271
\BOOKMARK [1][-]{section.7.13}{\376\377\0007\000.\0001\0003\000\040\000S\000y\000n\000a\000p\000s\000e\000s\000F\000a\000c\000t\000o\000r\000y\000.\000S\000y\000n\000a\000p\000s\000e\000s\000F\000a\000c\000t\000o\000r\000y\000\040\000C\000l\000a\000s\000s\000\040\000R\000e\000f\000e\000r\000e\000n\000c\000e}{chapter.7}% 272
\BOOKMARK [2][-]{subsection.7.13.1}{\376\377\0007\000.\0001\0003\000.\0001\000\040\000D\000e\000t\000a\000i\000l\000e\000d\000\040\000D\000e\000s\000c\000r\000i\000p\000t\000i\000o\000n}{section.7.13}% 273
\BOOKMARK [2][-]{subsection.7.13.2}{\376\377\0007\000.\0001\0003\000.\0002\000\040\000C\000o\000n\000s\000t\000r\000u\000c\000t\000o\000r\000\040\000\046\000\040\000D\000e\000s\000t\000r\000u\000c\000t\000o\000r\000\040\000D\000o\000c\000u\000m\000e\000n\000t\000a\000t\000i\000o\000n}{section.7.13}% 274
\BOOKMARK [3][-]{subsubsection.7.13.2.1}{\376\377\0007\000.\0001\0003\000.\0002\000.\0001\000\040\000i\000n\000i\000t\000\050\000s\000e\000l\000f\000,\000\040\000c\000o\000n\000f\000,\000\040\000p\000o\000o\000l\000s\000\051}{subsection.7.13.2}% 275
\BOOKMARK [2][-]{subsection.7.13.3}{\376\377\0007\000.\0001\0003\000.\0003\000\040\000M\000e\000m\000b\000e\000r\000\040\000D\000a\000t\000a\000\040\000D\000o\000c\000u\000m\000e\000n\000t\000a\000t\000i\000o\000n}{section.7.13}% 276
\BOOKMARK [3][-]{subsubsection.7.13.3.1}{\376\377\0007\000.\0001\0003\000.\0003\000.\0001\000\040\000n\000u\000m\000b\000e\000r\000O\000f\000S\000y\000n\000a\000p\000s\000e\000s}{subsection.7.13.3}% 277
\BOOKMARK [0][-]{chapter.8}{\376\377\0008\000\040\000F\000i\000l\000e\000\040\000D\000o\000c\000u\000m\000e\000n\000t\000a\000t\000i\000o\000n}{}% 278
\BOOKMARK [1][-]{section.8.1}{\376\377\0008\000.\0001\000\040\000A\000x\000o\000n\000D\000e\000l\000a\000y\000.\000p\000y\000\040\000F\000i\000l\000e\000\040\000R\000e\000f\000e\000r\000e\000n\000c\000e}{chapter.8}% 279
\BOOKMARK [1][-]{section.8.2}{\376\377\0008\000.\0002\000\040\000C\000h\000a\000n\000n\000e\000l\000C\000o\000n\000d\000u\000c\000t\000a\000n\000c\000e\000.\000p\000y\000\040\000F\000i\000l\000e\000\040\000R\000e\000f\000e\000r\000e\000n\000c\000e}{chapter.8}% 280
\BOOKMARK [1][-]{section.8.3}{\376\377\0008\000.\0003\000\040\000C\000o\000m\000p\000a\000r\000t\000m\000e\000n\000t\000.\000p\000y\000\040\000F\000i\000l\000e\000\040\000R\000e\000f\000e\000r\000e\000n\000c\000e}{chapter.8}% 281
\BOOKMARK [1][-]{section.8.4}{\376\377\0008\000.\0004\000\040\000C\000o\000n\000f\000i\000g\000u\000r\000a\000t\000i\000o\000n\000.\000p\000y\000\040\000F\000i\000l\000e\000\040\000R\000e\000f\000e\000r\000e\000n\000c\000e}{chapter.8}% 282
\BOOKMARK [1][-]{section.8.5}{\376\377\0008\000.\0005\000\040\000M\000o\000t\000o\000r\000U\000n\000i\000t\000.\000p\000y\000\040\000F\000i\000l\000e\000\040\000R\000e\000f\000e\000r\000e\000n\000c\000e}{chapter.8}% 283
\BOOKMARK [1][-]{section.8.6}{\376\377\0008\000.\0006\000\040\000M\000o\000t\000o\000r\000U\000n\000i\000t\000P\000o\000o\000l\000.\000p\000y\000\040\000F\000i\000l\000e\000\040\000R\000e\000f\000e\000r\000e\000n\000c\000e}{chapter.8}% 284
\BOOKMARK [1][-]{section.8.7}{\376\377\0008\000.\0007\000\040\000N\000e\000u\000r\000a\000l\000T\000r\000a\000c\000t\000.\000p\000y\000\040\000F\000i\000l\000e\000\040\000R\000e\000f\000e\000r\000e\000n\000c\000e}{chapter.8}% 285
\BOOKMARK [1][-]{section.8.8}{\376\377\0008\000.\0008\000\040\000N\000e\000u\000r\000a\000l\000T\000r\000a\000c\000t\000U\000n\000i\000t\000.\000p\000y\000\040\000F\000i\000l\000e\000\040\000R\000e\000f\000e\000r\000e\000n\000c\000e}{chapter.8}% 286
\BOOKMARK [1][-]{section.8.9}{\376\377\0008\000.\0009\000\040\000P\000o\000i\000n\000t\000P\000r\000o\000c\000e\000s\000s\000G\000e\000n\000e\000r\000a\000t\000o\000r\000.\000p\000y\000\040\000F\000i\000l\000e\000\040\000R\000e\000f\000e\000r\000e\000n\000c\000e}{chapter.8}% 287
\BOOKMARK [1][-]{section.8.10}{\376\377\0008\000.\0001\0000\000\040\000P\000u\000l\000s\000e\000C\000o\000n\000d\000u\000c\000t\000a\000n\000c\000e\000S\000t\000a\000t\000e\000.\000p\000y\000\040\000F\000i\000l\000e\000\040\000R\000e\000f\000e\000r\000e\000n\000c\000e}{chapter.8}% 288
\BOOKMARK [1][-]{section.8.11}{\376\377\0008\000.\0001\0001\000\040\000s\000i\000m\000u\000l\000a\000t\000i\000o\000n\000.\000p\000y\000\040\000F\000i\000l\000e\000\040\000R\000e\000f\000e\000r\000e\000n\000c\000e}{chapter.8}% 289
\BOOKMARK [1][-]{section.8.12}{\376\377\0008\000.\0001\0002\000\040\000S\000y\000n\000a\000p\000s\000e\000.\000p\000y\000\040\000F\000i\000l\000e\000\040\000R\000e\000f\000e\000r\000e\000n\000c\000e}{chapter.8}% 290
\BOOKMARK [1][-]{section.8.13}{\376\377\0008\000.\0001\0003\000\040\000S\000y\000n\000a\000p\000s\000e\000s\000F\000a\000c\000t\000o\000r\000y\000.\000p\000y\000\040\000F\000i\000l\000e\000\040\000R\000e\000f\000e\000r\000e\000n\000c\000e}{chapter.8}% 291
\BOOKMARK [0][-]{section*.96}{\376\377\000I\000n\000d\000e\000x}{}% 292
